#
# A fatal error has been detected by the Java Runtime Environment:
#
#  EXCEPTION_ACCESS_VIOLATION (0xc0000005) at pc=0x00007ffba7acf280, pid=11344, tid=11836
#
# JRE version: OpenJDK Runtime Environment (25.0+36) (build 25+36-3489)
# Java VM: OpenJDK 64-Bit Server VM (25+36-3489, mixed mode, sharing, tiered, compressed oops, compressed class ptrs, g1 gc, windows-amd64)
# Problematic frame:
# V  [jvm.dll+0x3af280]
#
# No core dump will be written. Minidumps are not enabled by default on client versions of Windows
#
# If you would like to submit a bug report, please visit:
#   https://bugreport.java.com/bugreport/crash.jsp
#

---------------  S U M M A R Y ------------

Command Line: -javaagent:C:\Program Files\JetBrains\IntelliJ IDEA Community Edition 2025.2\lib\idea_rt.jar=50349 -Dfile.encoding=UTF-8 -Dsun.stdout.encoding=UTF-8 -Dsun.stderr.encoding=UTF-8 com.equipment.equipmentRental.EquipmentRentalApplication

Host: Intel(R) Core(TM) i7-4600U CPU @ 2.10GHz, 4 cores, 7G,  Windows 10 , 64 bit Build 19041 (10.0.19041.5915)
Time: Fri Sep 26 23:11:30 2025 Egypt Daylight Time elapsed time: 4.055998 seconds (0d 0h 0m 4s)

---------------  T H R E A D  ---------------

Current thread (0x0000016676a13c50):  WorkerThread "GC Thread#3"    [id=11836, stack(0x0000004abc900000,0x0000004abca00000) (1024K)]

Stack: [0x0000004abc900000,0x0000004abca00000],  sp=0x0000004abc9ff368,  free space=1020k
Native frames: (J=compiled Java code, j=interpreted, Vv=VM code, C=native code)
V  [jvm.dll+0x3af280]  (no source info available)


siginfo: EXCEPTION_ACCESS_VIOLATION (0xc0000005), reading address 0x000000004c6e757b


Registers:
RAX=0x0000000000000000, RBX=0x0000001b00184648, RCX=0x0000000087924628, RDX=0x000000004c6e7573
RSP=0x0000004abc9ff368, RBP=0x0000004abc9ff3f0, RSI=0x000001665508d790, RDI=0x000000004c6e7573
R8 =0x0000000087924628, R9 =0x0000001b00184648, R10=0x0000000000000000, R11=0x0000000000000001
R12=0x0000004abc9ff450, R13=0x000001667766b9d0, R14=0x0000000000000058, R15=0x0000000087924628
RIP=0x00007ffba7acf280, EFLAGS=0x0000000000010202

XMM[0]=0x00000010002aad70 0x0000000000000009
XMM[1]=0x0000000000000000 0x00000000879245e8
XMM[2]=0x0000000000000000 0x0000000000000000
XMM[3]=0x0000000000000000 0x0000000000000000
XMM[4]=0x0000000000000000 0x0000000000000000
XMM[5]=0x0000000000000000 0x8792457000000000
XMM[6]=0x0000000000000000 0x0000000000000000
XMM[7]=0x0000000000000000 0x0000000000000000
XMM[8]=0x0000000000000000 0x0000000000000000
XMM[9]=0x0000000000000000 0x0000000000000000
XMM[10]=0x0000000000000000 0x0000000000000000
XMM[11]=0x0000000000000000 0x0000000000000000
XMM[12]=0x0000000000000000 0x0000000000000000
XMM[13]=0x0000000000000000 0x0000000000000000
XMM[14]=0x0000000000000000 0x0000000000000000
XMM[15]=0x0000000000000000 0x0000000000000000
  MXCSR=0x00001fa0


Register to memory mapping:

RAX=0x0 is null
RBX=0x0000001b00184648 is an unknown value
RCX=
[error occurred during error reporting (printing register info), id 0xc0000005, EXCEPTION_ACCESS_VIOLATION (0xc0000005) at pc=0x00007ffba7acf280]
RDX=0x000000004c6e7573 is pointing into metadata
RSP=0x0000004abc9ff368 points into unknown readable memory: 0x00007ffba7b1681e | 1e 68 b1 a7 fb 7f 00 00
RBP=0x0000004abc9ff3f0 points into unknown readable memory: 0x0000000000000040 | 40 00 00 00 00 00 00 00
RSI=0x000001665508d790 points into unknown readable memory: 0x0000000000000000 | 00 00 00 00 00 00 00 00
RDI=0x000000004c6e7573 is pointing into metadata
R8 =
[error occurred during error reporting (printing register info, attempt 2), id 0xc0000005, EXCEPTION_ACCESS_VIOLATION (0xc0000005) at pc=0x00007ffba7acf280]
R9 =0x0000001b00184648 is an unknown value
R10=0x0 is null
R11=0x0000000000000001 is an unknown value
R12=0x0000004abc9ff450 points into unknown readable memory: 0x0000016677000001 | 01 00 00 77 66 01 00 00
R13=0x000001667766b9d0 points into unknown readable memory: 0x00007ffba8209a88 | 88 9a 20 a8 fb 7f 00 00
R14=0x0000000000000058 is an unknown value
R15=
[error occurred during error reporting (printing register info, attempt 3), id 0xc0000005, EXCEPTION_ACCESS_VIOLATION (0xc0000005) at pc=0x00007ffba7acf280]
Top of Stack: (sp=0x0000004abc9ff368)
0x0000004abc9ff368:   00007ffba7b1681e 0000000000000001   .h..............
0x0000004abc9ff378:   000000001e187618 0000004abc9ff3f0   .v..........J...
0x0000004abc9ff388:   000000001e2aad70 0000016600000000   p.*.........f...
0x0000004abc9ff398:   0000000000000000 0000000086024618   .........F......
0x0000004abc9ff3a8:   00007ffba7b16cf5 0000016677000001   .l.........wf...
0x0000004abc9ff3b8:   00007ffba7f0d5cf 0000000000000000   ................
0x0000004abc9ff3c8:   0000000000000003 0000000000000018   ................
0x0000004abc9ff3d8:   0000000000000018 000001665510f030   ........0..Uf...
0x0000004abc9ff3e8:   00007ffba7b1be51 0000000000000040   Q.......@.......
0x0000004abc9ff3f8:   0000004abb6fec68 0000000000000000   h.o.J...........
0x0000004abc9ff408:   000001667766b9d0 0000004abc9ff4b0   ..fwf.......J...
0x0000004abc9ff418:   00007ffba7b14ca8 000001665508d790   .L.........Uf...
0x0000004abc9ff428:   000001665508d700 0000000000000058   ...Uf...X.......
0x0000004abc9ff438:   0000000081b956a4 0000000081b956a5   .V.......V......
0x0000004abc9ff448:   00007ffba7b17d88 0000016677000001   .}.........wf...
0x0000004abc9ff458:   000001667766b9d0 0000004abc9ff4b0   ..fwf.......J...
0x0000004abc9ff468:   0000004abc9ff4d0 0000016676a5c840   ....J...@..vf...
0x0000004abc9ff478:   00000000861729e8 00000000879dc360   .)......`.......
0x0000004abc9ff488:   00007ffba7ebe96f 0000004abc9ff510   o...........J...
0x0000004abc9ff498:   0000000000000000 0000000000000000   ................
0x0000004abc9ff4a8:   0000000000000006 0000000000000018   ................
0x0000004abc9ff4b8:   0000016655127e40 000001667834c2b0   @~.Uf.....4xf...
0x0000004abc9ff4c8:   00000000879dc360 0000016655128020   `....... ..Uf...
0x0000004abc9ff4d8:   000001667766b9d0 0000000000000000   ..fwf...........
0x0000004abc9ff4e8:   00007ffba7b1408e 0000000000000000   .@..............
0x0000004abc9ff4f8:   00007ffba7b1679e 0000016655128020   .g...... ..Uf...
0x0000004abc9ff508:   00007ffba7aced00 0000000002697cdd   .........|i.....
0x0000004abc9ff518:   0000000285c33372 0000000002000001   r3..............
0x0000004abc9ff528:   0000000285c2f6e8 000001667834c2b8   ..........4xf...
0x0000004abc9ff538:   00007ffba7b25947 000001667834c2b8   GY........4xf...
0x0000004abc9ff548:   0000016655127ed0 0000000000000000   .~.Uf...........
0x0000004abc9ff558:   00000000ffe7d6a0 0000000000000000   ................

Instructions: (pc=0x00007ffba7acf280)
  0x00007ffba7acf180:   c1 eb 03 48 3b da 73 98 eb 1d 41 b1 01 4c 8b c3
  0x00007ffba7acf190:   48 8b d6 48 8b cf e8 35 74 03 00 4c 8d 04 dd 00
  0x00007ffba7acf1a0:   00 00 00 48 89 77 20 48 8b 74 24 38 48 8b 4f 10
  0x00007ffba7acf1b0:   48 8b 5f 08 48 2b d9 49 03 d8 49 8b 0e 48 8b d7
  0x00007ffba7acf1c0:   4c 8b 41 10 49 8b ce 41 ff d0 48 8b 7c 24 48 48
  0x00007ffba7acf1d0:   8b c3 48 8b 5c 24 40 48 83 c4 20 41 5e c3 cc cc
  0x00007ffba7acf1e0:   40 53 48 83 ec 20 4c 8b 42 10 4c 8d 4c 24 30 4c
  0x00007ffba7acf1f0:   2b 41 28 48 8b d9 0f b6 41 38 4c 2b 02 48 8b 0d
  0x00007ffba7acf200:   54 ba 99 00 c6 44 24 30 00 88 44 24 31 c6 44 24
  0x00007ffba7acf210:   32 00 e8 99 3c 01 00 48 c7 43 28 00 00 00 00 48
  0x00007ffba7acf220:   83 c4 20 5b c3 cc cc cc cc cc cc cc cc cc cc cc
  0x00007ffba7acf230:   4c 8b 42 10 4c 2b 02 48 8b 0d 1a ba 99 00 e9 fd
  0x00007ffba7acf240:   3c 01 00 cc cc cc cc cc cc cc cc cc cc cc cc cc
  0x00007ffba7acf250:   48 8b 42 10 48 2b 02 ff 41 10 48 89 41 28 48 89
  0x00007ffba7acf260:   51 08 c3 cc cc cc cc cc cc cc cc cc cc cc cc cc
  0x00007ffba7acf270:   48 89 0d e1 b9 99 00 48 89 15 d2 b9 99 00 c3 cc
=>0x00007ffba7acf280:   44 8b 4a 08 4c 8b c2 45 85 c9 7e 0e 41 f6 c1 01
  0x00007ffba7acf290:   75 46 41 c1 f9 03 49 63 c1 c3 79 3c 8b 05 76 62
  0x00007ffba7acf2a0:   93 00 ff c8 4c 63 c0 48 63 05 ea ac 9c 00 48 63
  0x00007ffba7acf2b0:   14 08 41 8b c9 48 d3 e2 41 8b c1 48 c1 f8 10 0f
  0x00007ffba7acf2c0:   b6 c0 49 8d 0c 10 49 f7 d0 48 03 c1 49 c1 e8 03
  0x00007ffba7acf2d0:   48 c1 e8 03 49 23 c0 c3 48 8b 02 48 8b d1 49 8b
  0x00007ffba7acf2e0:   c8 48 ff a0 00 01 00 00 cc cc cc cc cc cc cc cc
  0x00007ffba7acf2f0:   48 8b 51 08 33 c0 48 3b 15 53 b9 99 00 48 0f 44
  0x00007ffba7acf300:   d0 48 85 d2 74 07 48 8b 42 10 48 2b 02 48 8b 51
  0x00007ffba7acf310:   30 48 85 d2 74 0a 48 8b 4a 10 48 2b 0a 48 03 c1
  0x00007ffba7acf320:   c3 cc cc cc cc cc cc cc cc cc cc cc cc cc cc cc
  0x00007ffba7acf330:   48 89 4c 24 08 48 89 54 24 10 4c 89 44 24 18 4c
  0x00007ffba7acf340:   89 4c 24 20 48 83 ec 28 4c 8b c1 4c 8d 4c 24 38
  0x00007ffba7acf350:   48 8d 0d 79 b9 99 00 ba 01 00 00 00 e8 3f 68 2f
  0x00007ffba7acf360:   00 48 83 c4 28 c3 cc cc cc cc cc cc cc cc cc cc
  0x00007ffba7acf370:   48 89 4c 24 08 48 89 54 24 10 4c 89 44 24 18 4c


Stack slot to memory mapping:

stack at sp + 0 slots: 0x00007ffba7b1681e jvm.dll
stack at sp + 1 slots: 0x0000000000000001 is an unknown value
stack at sp + 2 slots: 0x000000001e187618 is a pointer to class: 
java.lang.String {0x000000001e187620}
 - instance size:     3
 - klass size:        86
 - access:            public final synchronized 
 - flags:             rewritten has_nonstatic_fields has_nonstatic_concrete_methods defined_by_boot_loader has_localvariable_table has_resolved_methods 
 - state:             fully_initialized
 - name:              'java/lang/String'
 - super:             'java/lang/Object'
 - sub:               
 - arrays:            'java/lang/String'[]
 - methods:           Array<T>(0x000000001e741940)
 - method ordering:   Array<T>(0x000000001e6a0120)
 - local interfaces:  Array<T>(0x000000001e741ea0)
 - trans. interfaces: Array<T>(0x000000001e741ea0)
 - secondary supers: Array<T>(0x000000001e73eab0)
 - hash_slot:         31
 - secondary bitmap: 0x8000011100001000
 - constants:         constant pool [1471]/operands[28] {0x000000001e73eb08} for 'java/lang/String' cache=0x000000001e4af910
 - class loader data:  loader data: 0x00000166551141a0 of 'bootstrap'
 - source file:       'String.java'
 - field annotations:       Array<T>(0x000000001ed2c980)
 - generic signature: 'Ljava/lang/Object;Ljava/io/Serializable;Ljava/lang/Comparable<Ljava/lang/String;>;Ljava/lang/CharSequence;Ljava/lang/constant/Constable;Ljava/lang/constant/ConstantDesc;'
 - inner classes:     Array<T>(0x000000001e6a00d8)
 - nest members:     Array<T>(0x000000001e6a0430)
 - permitted subclasses:     Array<T>(0x000000001e69faf8)
 - java mirror:       a 'java/lang/Class'{0x00000000ffe7eef8} = 'java/lang/String'
 - vtable length      5  (start addr: 0x000000001e1877f0)
 - itable length      21 (start addr: 0x000000001e187818)
 - ---- static fields (3 words):
 - private static final 'serialVersionUID' 'J' @128 
 - static final 'COMPACT_STRINGS' 'Z' @138 
 - private static final 'serialPersistentFields' '[Ljava/io/ObjectStreamField;' @120 
 - private static final 'REPL' 'C' @136 
 - public static final 'CASE_INSENSITIVE_ORDER' 'Ljava/util/Comparator;' @124 
 - static final 'LATIN1' 'B' @139 
 - static final 'UTF16' 'B' @140 
 - ---- non-static fields (3 words):
 - private 'hash' 'I' @12 
 - private final 'coder' 'B' @16 
 - private 'hashIsZero' 'Z' @17 
 - injected 'flags' 'B' @18 
 - private final 'value' '[B' @20 
 - non-static oop maps (1 entries): 20-20 
stack at sp + 3 slots: 0x0000004abc9ff3f0 points into unknown readable memory: 0x0000000000000040 | 40 00 00 00 00 00 00 00
stack at sp + 4 slots: 0x000000001e2aad70 is a pointer to class: 
stack at sp + 5 slots: 0x0000016600000000 is an unknown value
stack at sp + 6 slots: 0x0 is null
stack at sp + 7 slots: 0x0000000086024618 is an oop: java.security.ProtectionDomain 
{0x0000000086024618} - klass: 'java/security/ProtectionDomain' - flags: 

 - ---- fields (total size 4 words):
 - private 'hasAllPerm' 'Z' @12  false (0x00)
 - private final 'staticPermissions' 'Z' @13  false (0x00)
 - private final 'codesource' 'Ljava/security/CodeSource;' @16  a 'java/security/CodeSource'{0x0000000085d405f8} (0x85d405f8)
 - private final 'classloader' 'Ljava/lang/ClassLoader;' @20  a 'jdk/internal/loader/ClassLoaders$AppClassLoader'{0x0000000081ac3350} (0x81ac3350)
 - private final 'principals' '[Ljava/security/Principal;' @24  a 'java/security/Principal'[0] {0x0000000085d9aad0} (0x85d9aad0)
 - private 'permissions' 'Ljava/security/PermissionCollection;' @28  a 'java/security/Permissions'{0x0000000085d9aa78} (0x85d9aa78)


---------------  P R O C E S S  ---------------

Threads class SMR info:
_java_thread_list=0x000001667759a370, length=19, elements={
0x00000166550707d0, 0x00000166716158e0, 0x00000166716168c0, 0x00000166716178a0,
0x0000016671619470, 0x000001667161c040, 0x000001667161cc00, 0x000001667161fb00,
0x00000166716262f0, 0x000001667180def0, 0x0000016676141250, 0x0000016676141a10,
0x000001667699aa10, 0x00000166769797d0, 0x0000016676ac7370, 0x0000016676ad7b50,
0x000001667705d330, 0x0000016676e022c0, 0x0000016676b67930
}

Java Threads: ( => current thread )
  0x00000166550707d0 JavaThread "main"                              [_thread_blocked, id=11392, stack(0x0000004abaf00000,0x0000004abb000000) (1024K)]
  0x00000166716158e0 JavaThread "Reference Handler"          daemon [_thread_blocked, id=11444, stack(0x0000004abb700000,0x0000004abb800000) (1024K)]
  0x00000166716168c0 JavaThread "Finalizer"                  daemon [_thread_blocked, id=11448, stack(0x0000004abb800000,0x0000004abb900000) (1024K)]
  0x00000166716178a0 JavaThread "Signal Dispatcher"          daemon [_thread_blocked, id=11452, stack(0x0000004abb900000,0x0000004abba00000) (1024K)]
  0x0000016671619470 JavaThread "Attach Listener"            daemon [_thread_blocked, id=11456, stack(0x0000004abba00000,0x0000004abbb00000) (1024K)]
  0x000001667161c040 JavaThread "Service Thread"             daemon [_thread_blocked, id=11460, stack(0x0000004abbb00000,0x0000004abbc00000) (1024K)]
  0x000001667161cc00 JavaThread "Monitor Deflation Thread"   daemon [_thread_blocked, id=11468, stack(0x0000004abbc00000,0x0000004abbd00000) (1024K)]
  0x000001667161fb00 JavaThread "C2 CompilerThread0"         daemon [_thread_in_native, id=11472, stack(0x0000004abbd00000,0x0000004abbe00000) (1024K)]
  0x00000166716262f0 JavaThread "C1 CompilerThread0"         daemon [_thread_blocked, id=11476, stack(0x0000004abbe00000,0x0000004abbf00000) (1024K)]
  0x000001667180def0 JavaThread "Common-Cleaner"             daemon [_thread_blocked, id=11596, stack(0x0000004abbf00000,0x0000004abc000000) (1024K)]
  0x0000016676141250 JavaThread "Monitor Ctrl-Break"         daemon [_thread_in_native, id=11652, stack(0x0000004abc000000,0x0000004abc100000) (1024K)]
  0x0000016676141a10 JavaThread "Notification Thread"        daemon [_thread_blocked, id=11656, stack(0x0000004abc100000,0x0000004abc200000) (1024K)]
  0x000001667699aa10 JavaThread "RMI TCP Accept-0"           daemon [_thread_in_native, id=11732, stack(0x0000004abc300000,0x0000004abc400000) (1024K)]
  0x00000166769797d0 JavaThread "RMI TCP Connection(1)-192.168.43.31" daemon [_thread_in_native, id=11772, stack(0x0000004abc400000,0x0000004abc500000) (1024K)]
  0x0000016676ac7370 JavaThread "RMI Scheduler(0)"           daemon [_thread_blocked, id=11776, stack(0x0000004abc500000,0x0000004abc600000) (1024K)]
  0x0000016676ad7b50 JavaThread "JMX server connection timeout 29" daemon [_thread_blocked, id=11780, stack(0x0000004abc600000,0x0000004abc700000) (1024K)]
  0x000001667705d330 JavaThread "background-preinit"                [_thread_blocked, id=11984, stack(0x0000004abc200000,0x0000004abc300000) (1024K)]
  0x0000016676e022c0 JavaThread "C2 CompilerThread1"         daemon [_thread_blocked, id=12040, stack(0x0000004abca00000,0x0000004abcb00000) (1024K)]
  0x0000016676b67930 JavaThread "Thread-0"                          [_thread_blocked, id=12052, stack(0x0000004abcb00000,0x0000004abcc00000) (1024K)]
Total: 19

Other Threads:
  0x0000016671602390 VMThread "VM Thread"                           [id=11440, stack(0x0000004abb600000,0x0000004abb700000) (1024K)]
  0x00000166551286a0 WatcherThread "VM Periodic Task Thread"        [id=11428, stack(0x0000004abb500000,0x0000004abb600000) (1024K)]
  0x00000166550c9b60 WorkerThread "GC Thread#0"                     [id=11400, stack(0x0000004abb000000,0x0000004abb100000) (1024K)]
  0x0000016676a63a80 WorkerThread "GC Thread#1"                     [id=11824, stack(0x0000004abc700000,0x0000004abc800000) (1024K)]
  0x0000016676a82f70 WorkerThread "GC Thread#2"                     [id=11828, stack(0x0000004abc800000,0x0000004abc900000) (1024K)]
=>0x0000016676a13c50 WorkerThread "GC Thread#3"                     [id=11836, stack(0x0000004abc900000,0x0000004abca00000) (1024K)]
  0x00000166550e2810 ConcurrentGCThread "G1 Main Marker"            [id=11404, stack(0x0000004abb100000,0x0000004abb200000) (1024K)]
  0x00000166550e33b0 WorkerThread "G1 Conc#0"                       [id=11408, stack(0x0000004abb200000,0x0000004abb300000) (1024K)]
  0x0000016655114cc0 ConcurrentGCThread "G1 Refine#0"               [id=11412, stack(0x0000004abb300000,0x0000004abb400000) (1024K)]
  0x00000166551158d0 ConcurrentGCThread "G1 Service"                [id=11416, stack(0x0000004abb400000,0x0000004abb500000) (1024K)]
Total: 10

Threads with active compile tasks:
C2 CompilerThread0  4197 2940       4       java.lang.invoke.MethodType::makeImpl (109 bytes)
C2 CompilerThread1  4197 3022   !   4       java.util.zip.InflaterInputStream::read (129 bytes)
Total: 2

VM state: at safepoint (normal execution)

VM Mutex/Monitor currently owned by a thread:  ([mutex/lock_event])
[0x00007ffba84994a8] Threads_lock - owner thread: 0x0000016671602390
[0x00007ffba8499628] Heap_lock - owner thread: 0x000001667705d330

Heap address: 0x0000000081600000, size: 2026 MB, Compressed Oops mode: 32-bit

CDS archive(s) mapped at: [0x000000001e000000-0x000000001edd0000-0x000000001edd0000), size 14483456, SharedBaseAddress: 0x000000001e000000, ArchiveRelocationMode: 1.
Compressed class space mapped at: 0x000000001f000000-0x000000005f000000, reserved size: 1073741824
UseCompressedClassPointers 1, UseCompactObjectHeaders 0
Narrow klass pointer bits 32, Max shift 3
Narrow klass base: 0x000000001e000000, Narrow klass shift: 0
Encoding Range: [0x000000001e000000 - 0x000000011e000000), (4294967296 bytes)
Klass Range:    [0x000000001e010000 - 0x000000005f000000), (1090453504 bytes)
Klass ID Range:  [65536 - 1090519033) (1090453497)
Protection zone: [0x000000001e000000 - 0x000000001e010000), (65536 bytes)

GC Precious Log:
 CardTable entry size: 512
 Card Set container configuration: InlinePtr #cards 5 size 8 Array Of Cards #cards 10 size 36 Howl #buckets 4 coarsen threshold 1843 Howl Bitmap #cards 512 size 80 coarsen threshold 460 Card regions per heap region 1 cards per card region 2048
 CPUs: 4 total, 4 available
 Memory: 8097M
 Large Page Support: Disabled
 NUMA Support: Disabled
 Compressed Oops: Enabled (32-bit)
 Heap Region Size: 1M
 Heap Min Capacity: 8M
 Heap Initial Capacity: 128M
 Heap Max Capacity: 2026M
 Pre-touch: Disabled
 Parallel Workers: 4
 Concurrent Workers: 1
 Concurrent Refinement Workers: 4
 Periodic GC: Disabled

Heap:
 garbage-first heap   total reserved 2074624K, committed 133120K, used 60217K [0x0000000081600000, 0x0000000100000000)
  region size 1024K, 54 young (55296K), 5 survivors (5120K)

Heap Regions: E=young(eden), S=young(survivor), O=old, HS=humongous(starts), HC=humongous(continues), CS=collection set, F=free, TAMS=top-at-mark-start, PB=parsable bottom
|   0|0x0000000081600000, 0x0000000081700000, 0x0000000081700000|100%|HS|  |TAMS 0x0000000081700000| PB 0x0000000081600000| Complete |  0
|   1|0x0000000081700000, 0x0000000081800000, 0x0000000081800000|100%|HS|  |TAMS 0x0000000081800000| PB 0x0000000081700000| Complete |  0
|   2|0x0000000081800000, 0x0000000081900000, 0x0000000081900000|100%| O|  |TAMS 0x0000000081900000| PB 0x0000000081800000| Untracked |  0
|   3|0x0000000081900000, 0x0000000081a00000, 0x0000000081a00000|100%| O|  |TAMS 0x0000000081a00000| PB 0x0000000081900000| Untracked |  0
|   4|0x0000000081a00000, 0x0000000081b00000, 0x0000000081b00000|100%| O|  |TAMS 0x0000000081ac3350| PB 0x0000000081a00000| Untracked |  0
|   5|0x0000000081b00000, 0x0000000081c00000, 0x0000000081c00000|100%| O|  |TAMS 0x0000000081b00000| PB 0x0000000081b00000| Untracked |  0
|   6|0x0000000081c00000, 0x0000000081d00000, 0x0000000081d00000|100%| O|  |TAMS 0x0000000081c00000| PB 0x0000000081c00000| Untracked |  0
|   7|0x0000000081d00000, 0x0000000081e00000, 0x0000000081e00000|100%| O|  |TAMS 0x0000000081d00000| PB 0x0000000081d00000| Untracked |  0
|   8|0x0000000081e00000, 0x0000000081ec1bd8, 0x0000000081f00000| 75%| O|  |TAMS 0x0000000081e00000| PB 0x0000000081e00000| Untracked |  0
|   9|0x0000000081f00000, 0x0000000081f00000, 0x0000000082000000|  0%| F|  |TAMS 0x0000000081f00000| PB 0x0000000081f00000| Untracked |  0
|  10|0x0000000082000000, 0x0000000082000000, 0x0000000082100000|  0%| F|  |TAMS 0x0000000082000000| PB 0x0000000082000000| Untracked |  0
|  11|0x0000000082100000, 0x0000000082100000, 0x0000000082200000|  0%| F|  |TAMS 0x0000000082100000| PB 0x0000000082100000| Untracked |  0
|  12|0x0000000082200000, 0x0000000082200000, 0x0000000082300000|  0%| F|  |TAMS 0x0000000082200000| PB 0x0000000082200000| Untracked |  0
|  13|0x0000000082300000, 0x0000000082300000, 0x0000000082400000|  0%| F|  |TAMS 0x0000000082300000| PB 0x0000000082300000| Untracked |  0
|  14|0x0000000082400000, 0x0000000082400000, 0x0000000082500000|  0%| F|  |TAMS 0x0000000082400000| PB 0x0000000082400000| Untracked |  0
|  15|0x0000000082500000, 0x0000000082500000, 0x0000000082600000|  0%| F|  |TAMS 0x0000000082500000| PB 0x0000000082500000| Untracked |  0
|  16|0x0000000082600000, 0x0000000082600000, 0x0000000082700000|  0%| F|  |TAMS 0x0000000082600000| PB 0x0000000082600000| Untracked |  0
|  17|0x0000000082700000, 0x0000000082700000, 0x0000000082800000|  0%| F|  |TAMS 0x0000000082700000| PB 0x0000000082700000| Untracked |  0
|  18|0x0000000082800000, 0x0000000082800000, 0x0000000082900000|  0%| F|  |TAMS 0x0000000082800000| PB 0x0000000082800000| Untracked |  0
|  19|0x0000000082900000, 0x0000000082900000, 0x0000000082a00000|  0%| F|  |TAMS 0x0000000082900000| PB 0x0000000082900000| Untracked |  0
|  20|0x0000000082a00000, 0x0000000082a00000, 0x0000000082b00000|  0%| F|  |TAMS 0x0000000082a00000| PB 0x0000000082a00000| Untracked |  0
|  21|0x0000000082b00000, 0x0000000082b00000, 0x0000000082c00000|  0%| F|  |TAMS 0x0000000082b00000| PB 0x0000000082b00000| Untracked |  0
|  22|0x0000000082c00000, 0x0000000082c00000, 0x0000000082d00000|  0%| F|  |TAMS 0x0000000082c00000| PB 0x0000000082c00000| Untracked |  0
|  23|0x0000000082d00000, 0x0000000082d00000, 0x0000000082e00000|  0%| F|  |TAMS 0x0000000082d00000| PB 0x0000000082d00000| Untracked |  0
|  24|0x0000000082e00000, 0x0000000082e00000, 0x0000000082f00000|  0%| F|  |TAMS 0x0000000082e00000| PB 0x0000000082e00000| Untracked |  0
|  25|0x0000000082f00000, 0x0000000082f00000, 0x0000000083000000|  0%| F|  |TAMS 0x0000000082f00000| PB 0x0000000082f00000| Untracked |  0
|  26|0x0000000083000000, 0x0000000083000000, 0x0000000083100000|  0%| F|  |TAMS 0x0000000083000000| PB 0x0000000083000000| Untracked |  0
|  27|0x0000000083100000, 0x0000000083100000, 0x0000000083200000|  0%| F|  |TAMS 0x0000000083100000| PB 0x0000000083100000| Untracked |  0
|  28|0x0000000083200000, 0x0000000083200000, 0x0000000083300000|  0%| F|  |TAMS 0x0000000083200000| PB 0x0000000083200000| Untracked |  0
|  29|0x0000000083300000, 0x0000000083300000, 0x0000000083400000|  0%| F|  |TAMS 0x0000000083300000| PB 0x0000000083300000| Untracked |  0
|  30|0x0000000083400000, 0x0000000083400000, 0x0000000083500000|  0%| F|  |TAMS 0x0000000083400000| PB 0x0000000083400000| Untracked |  0
|  31|0x0000000083500000, 0x0000000083500000, 0x0000000083600000|  0%| F|  |TAMS 0x0000000083500000| PB 0x0000000083500000| Untracked |  0
|  32|0x0000000083600000, 0x0000000083600000, 0x0000000083700000|  0%| F|  |TAMS 0x0000000083600000| PB 0x0000000083600000| Untracked |  0
|  33|0x0000000083700000, 0x0000000083700000, 0x0000000083800000|  0%| F|  |TAMS 0x0000000083700000| PB 0x0000000083700000| Untracked |  0
|  34|0x0000000083800000, 0x0000000083800000, 0x0000000083900000|  0%| F|  |TAMS 0x0000000083800000| PB 0x0000000083800000| Untracked |  0
|  35|0x0000000083900000, 0x0000000083900000, 0x0000000083a00000|  0%| F|  |TAMS 0x0000000083900000| PB 0x0000000083900000| Untracked |  0
|  36|0x0000000083a00000, 0x0000000083a00000, 0x0000000083b00000|  0%| F|  |TAMS 0x0000000083a00000| PB 0x0000000083a00000| Untracked |  0
|  37|0x0000000083b00000, 0x0000000083b00000, 0x0000000083c00000|  0%| F|  |TAMS 0x0000000083b00000| PB 0x0000000083b00000| Untracked |  0
|  38|0x0000000083c00000, 0x0000000083c00000, 0x0000000083d00000|  0%| F|  |TAMS 0x0000000083c00000| PB 0x0000000083c00000| Untracked |  0
|  39|0x0000000083d00000, 0x0000000083d00000, 0x0000000083e00000|  0%| F|  |TAMS 0x0000000083d00000| PB 0x0000000083d00000| Untracked |  0
|  40|0x0000000083e00000, 0x0000000083e00000, 0x0000000083f00000|  0%| F|  |TAMS 0x0000000083e00000| PB 0x0000000083e00000| Untracked |  0
|  41|0x0000000083f00000, 0x0000000083f00000, 0x0000000084000000|  0%| F|  |TAMS 0x0000000083f00000| PB 0x0000000083f00000| Untracked |  0
|  42|0x0000000084000000, 0x0000000084000000, 0x0000000084100000|  0%| F|  |TAMS 0x0000000084000000| PB 0x0000000084000000| Untracked |  0
|  43|0x0000000084100000, 0x0000000084100000, 0x0000000084200000|  0%| F|  |TAMS 0x0000000084100000| PB 0x0000000084100000| Untracked |  0
|  44|0x0000000084200000, 0x0000000084200000, 0x0000000084300000|  0%| F|  |TAMS 0x0000000084200000| PB 0x0000000084200000| Untracked |  0
|  45|0x0000000084300000, 0x0000000084300000, 0x0000000084400000|  0%| F|  |TAMS 0x0000000084300000| PB 0x0000000084300000| Untracked |  0
|  46|0x0000000084400000, 0x0000000084400000, 0x0000000084500000|  0%| F|  |TAMS 0x0000000084400000| PB 0x0000000084400000| Untracked |  0
|  47|0x0000000084500000, 0x0000000084500000, 0x0000000084600000|  0%| F|  |TAMS 0x0000000084500000| PB 0x0000000084500000| Untracked |  0
|  48|0x0000000084600000, 0x0000000084600000, 0x0000000084700000|  0%| F|  |TAMS 0x0000000084600000| PB 0x0000000084600000| Untracked |  0
|  49|0x0000000084700000, 0x0000000084700000, 0x0000000084800000|  0%| F|  |TAMS 0x0000000084700000| PB 0x0000000084700000| Untracked |  0
|  50|0x0000000084800000, 0x0000000084800000, 0x0000000084900000|  0%| F|  |TAMS 0x0000000084800000| PB 0x0000000084800000| Untracked |  0
|  51|0x0000000084900000, 0x0000000084900000, 0x0000000084a00000|  0%| F|  |TAMS 0x0000000084900000| PB 0x0000000084900000| Untracked |  0
|  52|0x0000000084a00000, 0x0000000084a00000, 0x0000000084b00000|  0%| F|  |TAMS 0x0000000084a00000| PB 0x0000000084a00000| Untracked |  0
|  53|0x0000000084b00000, 0x0000000084b00000, 0x0000000084c00000|  0%| F|  |TAMS 0x0000000084b00000| PB 0x0000000084b00000| Untracked |  0
|  54|0x0000000084c00000, 0x0000000084c00000, 0x0000000084d00000|  0%| F|  |TAMS 0x0000000084c00000| PB 0x0000000084c00000| Untracked |  0
|  55|0x0000000084d00000, 0x0000000084d00000, 0x0000000084e00000|  0%| F|  |TAMS 0x0000000084d00000| PB 0x0000000084d00000| Untracked |  0
|  56|0x0000000084e00000, 0x0000000084e00000, 0x0000000084f00000|  0%| F|  |TAMS 0x0000000084e00000| PB 0x0000000084e00000| Untracked |  0
|  57|0x0000000084f00000, 0x0000000084f00000, 0x0000000085000000|  0%| F|  |TAMS 0x0000000084f00000| PB 0x0000000084f00000| Untracked |  0
|  58|0x0000000085000000, 0x0000000085000000, 0x0000000085100000|  0%| F|  |TAMS 0x0000000085000000| PB 0x0000000085000000| Untracked |  0
|  59|0x0000000085100000, 0x0000000085100000, 0x0000000085200000|  0%| F|  |TAMS 0x0000000085100000| PB 0x0000000085100000| Untracked |  0
|  60|0x0000000085200000, 0x0000000085200000, 0x0000000085300000|  0%| F|  |TAMS 0x0000000085200000| PB 0x0000000085200000| Untracked |  0
|  61|0x0000000085300000, 0x0000000085300000, 0x0000000085400000|  0%| F|  |TAMS 0x0000000085300000| PB 0x0000000085300000| Untracked |  0
|  62|0x0000000085400000, 0x0000000085400000, 0x0000000085500000|  0%| F|  |TAMS 0x0000000085400000| PB 0x0000000085400000| Untracked |  0
|  63|0x0000000085500000, 0x0000000085500000, 0x0000000085600000|  0%| F|  |TAMS 0x0000000085500000| PB 0x0000000085500000| Untracked |  0
|  64|0x0000000085600000, 0x0000000085600000, 0x0000000085700000|  0%| F|  |TAMS 0x0000000085600000| PB 0x0000000085600000| Untracked |  0
|  65|0x0000000085700000, 0x0000000085700000, 0x0000000085800000|  0%| F|  |TAMS 0x0000000085700000| PB 0x0000000085700000| Untracked |  0
|  66|0x0000000085800000, 0x0000000085800000, 0x0000000085900000|  0%| F|  |TAMS 0x0000000085800000| PB 0x0000000085800000| Untracked |  0
|  67|0x0000000085900000, 0x0000000085900000, 0x0000000085a00000|  0%| F|  |TAMS 0x0000000085900000| PB 0x0000000085900000| Untracked |  0
|  68|0x0000000085a00000, 0x0000000085a00000, 0x0000000085b00000|  0%| F|  |TAMS 0x0000000085a00000| PB 0x0000000085a00000| Untracked |  0
|  69|0x0000000085b00000, 0x0000000085b00000, 0x0000000085c00000|  0%| F|  |TAMS 0x0000000085b00000| PB 0x0000000085b00000| Untracked |  0
|  70|0x0000000085c00000, 0x0000000085c6d080, 0x0000000085d00000| 42%| S|  |TAMS 0x0000000085c00000| PB 0x0000000085c00000| Complete |  0
|  71|0x0000000085d00000, 0x0000000085e00000, 0x0000000085e00000|100%| S|  |TAMS 0x0000000085d00000| PB 0x0000000085d00000| Complete |  0
|  72|0x0000000085e00000, 0x0000000085f00000, 0x0000000085f00000|100%| S|  |TAMS 0x0000000085e00000| PB 0x0000000085e00000| Complete |  0
|  73|0x0000000085f00000, 0x0000000086000000, 0x0000000086000000|100%| S|  |TAMS 0x0000000085f00000| PB 0x0000000085f00000| Complete |  0
|  74|0x0000000086000000, 0x0000000086100000, 0x0000000086100000|100%| S|  |TAMS 0x0000000086000000| PB 0x0000000086000000| Complete |  0
|  75|0x0000000086100000, 0x00000000861e6530, 0x0000000086200000| 89%| E|CS|TAMS 0x0000000086100000| PB 0x0000000086100000| Complete |  0
|  76|0x0000000086200000, 0x0000000086300000, 0x0000000086300000|100%| E|CS|TAMS 0x0000000086200000| PB 0x0000000086200000| Complete |  0
|  77|0x0000000086300000, 0x0000000086400000, 0x0000000086400000|100%| E|CS|TAMS 0x0000000086300000| PB 0x0000000086300000| Complete |  0
|  78|0x0000000086400000, 0x0000000086500000, 0x0000000086500000|100%| E|CS|TAMS 0x0000000086400000| PB 0x0000000086400000| Complete |  0
|  79|0x0000000086500000, 0x0000000086600000, 0x0000000086600000|100%| E|CS|TAMS 0x0000000086500000| PB 0x0000000086500000| Complete |  0
|  80|0x0000000086600000, 0x0000000086700000, 0x0000000086700000|100%| E|CS|TAMS 0x0000000086600000| PB 0x0000000086600000| Complete |  0
|  81|0x0000000086700000, 0x0000000086800000, 0x0000000086800000|100%| E|CS|TAMS 0x0000000086700000| PB 0x0000000086700000| Complete |  0
|  82|0x0000000086800000, 0x0000000086900000, 0x0000000086900000|100%| E|CS|TAMS 0x0000000086800000| PB 0x0000000086800000| Complete |  0
|  83|0x0000000086900000, 0x0000000086a00000, 0x0000000086a00000|100%| E|CS|TAMS 0x0000000086900000| PB 0x0000000086900000| Complete |  0
|  84|0x0000000086a00000, 0x0000000086b00000, 0x0000000086b00000|100%| E|CS|TAMS 0x0000000086a00000| PB 0x0000000086a00000| Complete |  0
|  85|0x0000000086b00000, 0x0000000086c00000, 0x0000000086c00000|100%| E|CS|TAMS 0x0000000086b00000| PB 0x0000000086b00000| Complete |  0
|  86|0x0000000086c00000, 0x0000000086d00000, 0x0000000086d00000|100%| E|CS|TAMS 0x0000000086c00000| PB 0x0000000086c00000| Complete |  0
|  87|0x0000000086d00000, 0x0000000086e00000, 0x0000000086e00000|100%| E|CS|TAMS 0x0000000086d00000| PB 0x0000000086d00000| Complete |  0
|  88|0x0000000086e00000, 0x0000000086f00000, 0x0000000086f00000|100%| E|CS|TAMS 0x0000000086e00000| PB 0x0000000086e00000| Complete |  0
|  89|0x0000000086f00000, 0x0000000087000000, 0x0000000087000000|100%| E|CS|TAMS 0x0000000086f00000| PB 0x0000000086f00000| Complete |  0
|  90|0x0000000087000000, 0x0000000087100000, 0x0000000087100000|100%| E|CS|TAMS 0x0000000087000000| PB 0x0000000087000000| Complete |  0
|  91|0x0000000087100000, 0x0000000087200000, 0x0000000087200000|100%| E|CS|TAMS 0x0000000087100000| PB 0x0000000087100000| Complete |  0
|  92|0x0000000087200000, 0x0000000087300000, 0x0000000087300000|100%| E|CS|TAMS 0x0000000087200000| PB 0x0000000087200000| Complete |  0
|  93|0x0000000087300000, 0x0000000087400000, 0x0000000087400000|100%| E|CS|TAMS 0x0000000087300000| PB 0x0000000087300000| Complete |  0
|  94|0x0000000087400000, 0x0000000087500000, 0x0000000087500000|100%| E|CS|TAMS 0x0000000087400000| PB 0x0000000087400000| Complete |  0
|  95|0x0000000087500000, 0x0000000087600000, 0x0000000087600000|100%| E|CS|TAMS 0x0000000087500000| PB 0x0000000087500000| Complete |  0
|  96|0x0000000087600000, 0x0000000087700000, 0x0000000087700000|100%| E|CS|TAMS 0x0000000087600000| PB 0x0000000087600000| Complete |  0
|  97|0x0000000087700000, 0x0000000087800000, 0x0000000087800000|100%| E|CS|TAMS 0x0000000087700000| PB 0x0000000087700000| Complete |  0
|  98|0x0000000087800000, 0x0000000087900000, 0x0000000087900000|100%| E|CS|TAMS 0x0000000087800000| PB 0x0000000087800000| Complete |  0
|  99|0x0000000087900000, 0x0000000087a00000, 0x0000000087a00000|100%| E|CS|TAMS 0x0000000087900000| PB 0x0000000087900000| Complete |  0
| 100|0x0000000087a00000, 0x0000000087b00000, 0x0000000087b00000|100%| E|CS|TAMS 0x0000000087a00000| PB 0x0000000087a00000| Complete |  0
| 101|0x0000000087b00000, 0x0000000087c00000, 0x0000000087c00000|100%| E|CS|TAMS 0x0000000087b00000| PB 0x0000000087b00000| Complete |  0
| 102|0x0000000087c00000, 0x0000000087d00000, 0x0000000087d00000|100%| E|CS|TAMS 0x0000000087c00000| PB 0x0000000087c00000| Complete |  0
| 103|0x0000000087d00000, 0x0000000087e00000, 0x0000000087e00000|100%| E|CS|TAMS 0x0000000087d00000| PB 0x0000000087d00000| Complete |  0
| 104|0x0000000087e00000, 0x0000000087f00000, 0x0000000087f00000|100%| E|CS|TAMS 0x0000000087e00000| PB 0x0000000087e00000| Complete |  0
| 105|0x0000000087f00000, 0x0000000088000000, 0x0000000088000000|100%| E|CS|TAMS 0x0000000087f00000| PB 0x0000000087f00000| Complete |  0
| 106|0x0000000088000000, 0x0000000088100000, 0x0000000088100000|100%| E|CS|TAMS 0x0000000088000000| PB 0x0000000088000000| Complete |  0
| 107|0x0000000088100000, 0x0000000088200000, 0x0000000088200000|100%| E|CS|TAMS 0x0000000088100000| PB 0x0000000088100000| Complete |  0
| 108|0x0000000088200000, 0x0000000088300000, 0x0000000088300000|100%| E|CS|TAMS 0x0000000088200000| PB 0x0000000088200000| Complete |  0
| 109|0x0000000088300000, 0x0000000088400000, 0x0000000088400000|100%| E|CS|TAMS 0x0000000088300000| PB 0x0000000088300000| Complete |  0
| 110|0x0000000088400000, 0x0000000088500000, 0x0000000088500000|100%| E|CS|TAMS 0x0000000088400000| PB 0x0000000088400000| Complete |  0
| 111|0x0000000088500000, 0x0000000088600000, 0x0000000088600000|100%| E|CS|TAMS 0x0000000088500000| PB 0x0000000088500000| Complete |  0
| 112|0x0000000088600000, 0x0000000088700000, 0x0000000088700000|100%| E|CS|TAMS 0x0000000088600000| PB 0x0000000088600000| Complete |  0
| 113|0x0000000088700000, 0x0000000088800000, 0x0000000088800000|100%| E|CS|TAMS 0x0000000088700000| PB 0x0000000088700000| Complete |  0
| 114|0x0000000088800000, 0x0000000088900000, 0x0000000088900000|100%| E|CS|TAMS 0x0000000088800000| PB 0x0000000088800000| Complete |  0
| 115|0x0000000088900000, 0x0000000088a00000, 0x0000000088a00000|100%| E|CS|TAMS 0x0000000088900000| PB 0x0000000088900000| Complete |  0
| 116|0x0000000088a00000, 0x0000000088b00000, 0x0000000088b00000|100%| E|CS|TAMS 0x0000000088a00000| PB 0x0000000088a00000| Complete |  0
| 117|0x0000000088b00000, 0x0000000088c00000, 0x0000000088c00000|100%| E|CS|TAMS 0x0000000088b00000| PB 0x0000000088b00000| Complete |  0
| 118|0x0000000088c00000, 0x0000000088d00000, 0x0000000088d00000|100%| E|CS|TAMS 0x0000000088c00000| PB 0x0000000088c00000| Complete |  0
| 119|0x0000000088d00000, 0x0000000088e00000, 0x0000000088e00000|100%| E|CS|TAMS 0x0000000088d00000| PB 0x0000000088d00000| Complete |  0
| 120|0x0000000088e00000, 0x0000000088f00000, 0x0000000088f00000|100%| E|CS|TAMS 0x0000000088e00000| PB 0x0000000088e00000| Complete |  0
| 121|0x0000000088f00000, 0x0000000089000000, 0x0000000089000000|100%| E|CS|TAMS 0x0000000088f00000| PB 0x0000000088f00000| Complete |  0
| 122|0x0000000089000000, 0x0000000089100000, 0x0000000089100000|100%| E|CS|TAMS 0x0000000089000000| PB 0x0000000089000000| Complete |  0
| 123|0x0000000089100000, 0x0000000089200000, 0x0000000089200000|100%| E|CS|TAMS 0x0000000089100000| PB 0x0000000089100000| Complete |  0
| 124|0x0000000089200000, 0x0000000089300000, 0x0000000089300000|100%| E|CS|TAMS 0x0000000089200000| PB 0x0000000089200000| Complete |  0
| 125|0x0000000089300000, 0x0000000089400000, 0x0000000089400000|100%| E|CS|TAMS 0x0000000089300000| PB 0x0000000089300000| Complete |  0
| 126|0x0000000089400000, 0x0000000089500000, 0x0000000089500000|100%| E|CS|TAMS 0x0000000089400000| PB 0x0000000089400000| Complete |  0
| 127|0x0000000089500000, 0x0000000089600000, 0x0000000089600000|100%| E|CS|TAMS 0x0000000089500000| PB 0x0000000089500000| Complete |  0
|2024|0x00000000ffe00000, 0x00000000fff00000, 0x00000000fff00000|100%| O|  |TAMS 0x00000000fff00000| PB 0x00000000ffe00000| Untracked |  0
|2025|0x00000000fff00000, 0x00000000fff24e30, 0x0000000100000000| 14%| O|  |TAMS 0x00000000fff24e30| PB 0x00000000fff00000| Untracked |  0

Card table byte_map: [0x000001666ccf0000,0x000001666d0f0000] _byte_map_base: 0x000001666c8e5000

Marking Bits: (CMBitMap*) 0x00000166550ca2f0
 Bits: [0x000001666d0f0000, 0x000001666f098000)

Polling page: 0x0000016652d80000

Metaspace:
Metaspace        used 21267K, committed 21504K, reserved 1114112K
 class space     used 2082K, committed 2176K, reserved 1048576K

Usage:
  Non-class:     18.74 MB used.
      Class:      2.03 MB used.
       Both:     20.77 MB used.

Virtual space:
  Non-class space:       64.00 MB reserved,      18.88 MB ( 29%) committed,  1 nodes.
      Class space:        1.00 GB reserved,       2.12 MB ( <1%) committed,  1 nodes.
             Both:        1.06 GB reserved,      21.00 MB (  2%) committed. 

Chunk freelists:
   Non-Class:  13.06 MB
       Class:  13.88 MB
        Both:  26.94 MB

MaxMetaspaceSize: unlimited
CompressedClassSpaceSize: 1.00 GB
Initial GC threshold: 21.00 MB
Current GC threshold: 21.00 MB
CDS: on
 - commit_granule_bytes: 65536.
 - commit_granule_words: 8192.
 - virtual_space_node_default_size: 8388608.
 - enlarge_chunks_in_place: 1.
UseCompressedClassPointers 1, UseCompactObjectHeaders 0
Narrow klass pointer bits 32, Max shift 3
Narrow klass base: 0x000000001e000000, Narrow klass shift: 0
Encoding Range: [0x000000001e000000 - 0x000000011e000000), (4294967296 bytes)
Klass Range:    [0x000000001e010000 - 0x000000005f000000), (1090453504 bytes)
Klass ID Range:  [65536 - 1090519033) (1090453497)
Protection zone: [0x000000001e000000 - 0x000000001e010000), (65536 bytes)


Internal statistics:

num_allocs_failed_limit: 5.
num_arena_births: 270.
num_arena_deaths: 0.
num_vsnodes_births: 2.
num_vsnodes_deaths: 0.
num_space_committed: 336.
num_space_uncommitted: 0.
num_chunks_returned_to_freelist: 5.
num_chunks_taken_from_freelist: 856.
num_chunk_merges: 5.
num_chunk_splits: 589.
num_chunks_enlarged: 458.
num_inconsistent_stats: 0.

CodeHeap 'non-profiled nmethods': size=120064Kb used=842Kb max_used=842Kb free=119221Kb
 bounds [0x00000166653b0000, 0x0000016665620000, 0x000001666c8f0000]
CodeHeap 'profiled nmethods': size=120000Kb used=4643Kb max_used=4643Kb free=115356Kb
 bounds [0x000001665d8f0000, 0x000001665dd80000, 0x0000016664e20000]
CodeHeap 'non-nmethods': size=5696Kb used=1442Kb max_used=1466Kb free=4253Kb
 bounds [0x0000016664e20000, 0x0000016665090000, 0x00000166653b0000]
CodeCache: size=245760Kb, used=6927Kb, max_used=6951Kb, free=238830Kb
 total_blobs=3584, nmethods=3015, adapters=471, full_count=0
Compilation: enabled, stopped_count=0, restarted_count=0

Compilation events (20 events):
Event: 4.004 Thread 0x00000166716262f0 3025       3       java.util.Arrays$ArrayList::size (6 bytes)
Event: 4.005 Thread 0x00000166716262f0 nmethod 3025 0x000001665dd73488 code [0x000001665dd73580, 0x000001665dd73690]
Event: 4.023 Thread 0x00000166716262f0 3027       3       java.lang.StringConcatHelper$Concat1::concat (9 bytes)
Event: 4.025 Thread 0x00000166716262f0 nmethod 3027 0x000001665dd73788 code [0x000001665dd73880, 0x000001665dd74e08]
Event: 4.025 Thread 0x00000166716262f0 3028       3       java.lang.invoke.LambdaForm$MH/0x000000001f048400::invoke (28 bytes)
Event: 4.025 Thread 0x00000166716262f0 nmethod 3028 0x000001665dd74e88 code [0x000001665dd74f80, 0x000001665dd754e0]
Event: 4.025 Thread 0x00000166716262f0 3029       3       java.lang.invoke.DirectMethodHandle$Holder::invokeSpecial (18 bytes)
Event: 4.025 Thread 0x00000166716262f0 nmethod 3029 0x000001665dd75508 code [0x000001665dd75600, 0x000001665dd75b18]
Event: 4.025 Thread 0x00000166716262f0 3030       3       java.lang.String$$StringConcat/0x000000001f048000::length (10 bytes)
Event: 4.026 Thread 0x00000166716262f0 nmethod 3030 0x000001665dd75b88 code [0x000001665dd75c80, 0x000001665dd764a0]
Event: 4.026 Thread 0x00000166716262f0 3031       3       java.lang.String$$StringConcat/0x000000001f048000::prepend (22 bytes)
Event: 4.026 Thread 0x00000166716262f0 nmethod 3031 0x000001665dd76508 code [0x000001665dd76600, 0x000001665dd767a0]
Event: 4.026 Thread 0x00000166716262f0 3032       3       java.lang.String$$StringConcat/0x000000001f048000::concat (89 bytes)
Event: 4.028 Thread 0x00000166716262f0 nmethod 3032 0x000001665dd76808 code [0x000001665dd76900, 0x000001665dd783b8]
Event: 4.028 Thread 0x00000166716262f0 3033       3       java.lang.String$$StringConcat/0x000000001f048000::coder (12 bytes)
Event: 4.029 Thread 0x00000166716262f0 nmethod 3033 0x000001665dd78408 code [0x000001665dd78500, 0x000001665dd78808]
Event: 4.040 Thread 0x00000166716262f0 3034       3       java.util.Arrays$ArrayList::iterator (12 bytes)
Event: 4.040 Thread 0x00000166716262f0 nmethod 3034 0x000001665dd78888 code [0x000001665dd78980, 0x000001665dd78c00]
Event: 4.040 Thread 0x00000166716262f0 3035       3       java.util.Arrays$ArrayItr::<init> (10 bytes)
Event: 4.040 Thread 0x00000166716262f0 nmethod 3035 0x000001665dd78c08 code [0x000001665dd78d00, 0x000001665dd78eb0]

GC Heap Usage History (3 events):
Event: 1.778 {heap Before GC invocations=0 (full 0):
 garbage-first heap   total reserved 2074624K, committed 133120K, used 31891K [0x0000000081600000, 0x0000000100000000)
  region size 1024K, 28 young (28672K), 0 survivors (0K)
}
Event: 1.791 {heap After GC invocations=1 (full 0):
 garbage-first heap   total reserved 2074624K, committed 133120K, used 10144K [0x0000000081600000, 0x0000000100000000)
  region size 1024K, 4 young (4096K), 4 survivors (4096K)
}
Event: 4.046 {heap Before GC invocations=1 (full 0):
 garbage-first heap   total reserved 2074624K, committed 133120K, used 58272K [0x0000000081600000, 0x0000000100000000)
  region size 1024K, 53 young (54272K), 4 survivors (4096K)
}

Metaspace Usage History (3 events):
Event: 1.778 {metaspace Before GC invocations=0 (full 0):
 Metaspace       used 8614K, committed 8832K, reserved 1114112K
  class space    used 741K, committed 832K, reserved 1048576K
}
Event: 1.791 {metaspace After GC invocations=1 (full 0):
 Metaspace       used 8614K, committed 8832K, reserved 1114112K
  class space    used 741K, committed 832K, reserved 1048576K
}
Event: 4.046 {metaspace Before GC invocations=1 (full 0):
 Metaspace       used 21267K, committed 21504K, reserved 1114112K
  class space    used 2082K, committed 2176K, reserved 1048576K
}

Dll operation events (10 events):
Event: 0.022 Loaded shared library C:\Users\Hossam\.jdks\openjdk-25\bin\java.dll
Event: 0.501 Loaded shared library C:\Users\Hossam\.jdks\openjdk-25\bin\zip.dll
Event: 0.506 Loaded shared library C:\Users\Hossam\.jdks\openjdk-25\bin\instrument.dll
Event: 0.535 Loaded shared library C:\Users\Hossam\.jdks\openjdk-25\bin\net.dll
Event: 0.585 Loaded shared library C:\Users\Hossam\.jdks\openjdk-25\bin\nio.dll
Event: 0.595 Loaded shared library C:\Users\Hossam\.jdks\openjdk-25\bin\zip.dll
Event: 0.774 Loaded shared library C:\Users\Hossam\.jdks\openjdk-25\bin\jimage.dll
Event: 0.910 Loaded shared library C:\Users\Hossam\.jdks\openjdk-25\bin\management.dll
Event: 0.932 Loaded shared library C:\Users\Hossam\.jdks\openjdk-25\bin\management_ext.dll
Event: 0.949 Loaded shared library C:\Users\Hossam\.jdks\openjdk-25\bin\extnet.dll

Deoptimization events (20 events):
Event: 3.966 Thread 0x00000166550707d0 DEOPT PACKING pc=0x000001665dd72dd8 sp=0x0000004abaffd830
Event: 3.966 Thread 0x00000166550707d0 DEOPT UNPACKING pc=0x0000016664e71702 sp=0x0000004abaffccc0 mode 0
Event: 3.966 Thread 0x00000166550707d0 DEOPT PACKING pc=0x000001665dd72dd8 sp=0x0000004abaffd830
Event: 3.966 Thread 0x00000166550707d0 DEOPT UNPACKING pc=0x0000016664e71702 sp=0x0000004abaffccc0 mode 0
Event: 3.971 Thread 0x00000166550707d0 DEOPT PACKING pc=0x000001665dd72dd8 sp=0x0000004abaffd830
Event: 3.971 Thread 0x00000166550707d0 DEOPT UNPACKING pc=0x0000016664e71702 sp=0x0000004abaffccc0 mode 0
Event: 3.971 Thread 0x00000166550707d0 DEOPT PACKING pc=0x000001665dd72dd8 sp=0x0000004abaffd830
Event: 3.971 Thread 0x00000166550707d0 DEOPT UNPACKING pc=0x0000016664e71702 sp=0x0000004abaffccc0 mode 0
Event: 3.972 Thread 0x00000166550707d0 DEOPT PACKING pc=0x000001665dd72dd8 sp=0x0000004abaffd830
Event: 3.972 Thread 0x00000166550707d0 DEOPT UNPACKING pc=0x0000016664e71702 sp=0x0000004abaffccc0 mode 0
Event: 3.972 Thread 0x00000166550707d0 DEOPT PACKING pc=0x000001665dd72dd8 sp=0x0000004abaffd830
Event: 3.972 Thread 0x00000166550707d0 DEOPT UNPACKING pc=0x0000016664e71702 sp=0x0000004abaffccc0 mode 0
Event: 3.972 Thread 0x00000166550707d0 DEOPT PACKING pc=0x000001665dd72dd8 sp=0x0000004abaffd830
Event: 3.972 Thread 0x00000166550707d0 DEOPT UNPACKING pc=0x0000016664e71702 sp=0x0000004abaffccc0 mode 0
Event: 3.972 Thread 0x00000166550707d0 DEOPT PACKING pc=0x000001665dd72dd8 sp=0x0000004abaffd830
Event: 3.972 Thread 0x00000166550707d0 DEOPT UNPACKING pc=0x0000016664e71702 sp=0x0000004abaffccc0 mode 0
Event: 3.989 Thread 0x00000166550707d0 DEOPT PACKING pc=0x000001665dd72dd8 sp=0x0000004abaffd830
Event: 3.989 Thread 0x00000166550707d0 DEOPT UNPACKING pc=0x0000016664e71702 sp=0x0000004abaffccc0 mode 0
Event: 3.989 Thread 0x00000166550707d0 DEOPT PACKING pc=0x000001665dd72dd8 sp=0x0000004abaffd830
Event: 3.989 Thread 0x00000166550707d0 DEOPT UNPACKING pc=0x0000016664e71702 sp=0x0000004abaffccc0 mode 0

Classes loaded (20 events):
Event: 3.699 Loading class java/util/concurrent/ConcurrentLinkedQueue
Event: 3.700 Loading class java/util/concurrent/ConcurrentLinkedQueue done
Event: 3.700 Loading class java/util/concurrent/ConcurrentLinkedQueue$Node
Event: 3.700 Loading class java/util/concurrent/ConcurrentLinkedQueue$Node done
Event: 3.706 Loading class java/util/concurrent/atomic/AtomicLongArray
Event: 3.707 Loading class java/util/concurrent/atomic/AtomicLongArray done
Event: 3.707 Loading class java/lang/invoke/VarHandleLongs$Array
Event: 3.707 Loading class java/lang/invoke/VarHandleLongs$Array done
Event: 3.792 Loading class sun/text/resources/cldr/FormatData_en
Event: 3.793 Loading class sun/text/resources/cldr/FormatData_en done
Event: 3.796 Loading class sun/text/resources/cldr/FormatData_en_US
Event: 3.796 Loading class sun/text/resources/cldr/FormatData_en_US done
Event: 3.817 Loading class java/io/CharArrayReader
Event: 3.817 Loading class java/io/CharArrayReader done
Event: 3.844 Loading class java/lang/Thread$ThreadNumbering
Event: 3.844 Loading class java/lang/Thread$ThreadNumbering done
Event: 4.007 Loading class javax/naming/ldap/LdapContext
Event: 4.008 Loading class javax/naming/directory/DirContext
Event: 4.008 Loading class javax/naming/directory/DirContext done
Event: 4.008 Loading class javax/naming/ldap/LdapContext done

Classes unloaded (0 events):
No events

Classes redefined (0 events):
No events

Internal exceptions (20 events):
Event: 2.132 Thread 0x00000166550707d0 Exception <a 'java/lang/NoSuchMethodError'{0x0000000088f25e28}: 'void java.lang.invoke.DirectMethodHandle$Holder.invokeInterface(java.lang.Object, java.lang.Object)'> (0x0000000088f25e28) 
thrown [s\open\src\hotspot\share\interpreter\linkResolver.cpp, line 804]
Event: 2.140 Thread 0x00000166550707d0 Exception <a 'java/lang/NoSuchMethodError'{0x0000000088f5ecc8}: 'int java.lang.invoke.DirectMethodHandle$Holder.invokeStatic(java.lang.Object, java.lang.Object, java.lang.Object, java.lang.Object)'> (0x0000000088f5ecc8) 
thrown [s\open\src\hotspot\share\interpreter\linkResolver.cpp, line 804]
Event: 2.164 Thread 0x00000166550707d0 Exception <a 'java/lang/NoSuchMethodError'{0x0000000088e117c0}: 'java.lang.Object java.lang.invoke.DirectMethodHandle$Holder.invokeSpecial(java.lang.Object, java.lang.Object, java.lang.Object, java.lang.Object, java.lang.Object, java.lang.Object, int)'> (0x0000000088e117c0) 
thrown [s\open\src\hotspot\share\interpreter\linkResolver.cpp, line 804]
Event: 2.166 Thread 0x00000166550707d0 Exception <a 'java/lang/NoSuchMethodError'{0x0000000088e238a8}: 'java.lang.Object java.lang.invoke.DirectMethodHandle$Holder.newInvokeSpecial(java.lang.Object, java.lang.Object, java.lang.Object, java.lang.Object, java.lang.Object, java.lang.Object, int)'> (0x0000000088e238a8) 
thrown [s\open\src\hotspot\share\interpreter\linkResolver.cpp, line 804]
Event: 2.166 Thread 0x00000166550707d0 Exception <a 'java/lang/NoSuchMethodError'{0x0000000088e2c960}: 'java.lang.Object java.lang.invoke.DirectMethodHandle$Holder.invokeSpecial(java.lang.Object, java.lang.Object, java.lang.Object, java.lang.Object, java.lang.Object, java.lang.Object, java.lang.Object, int)'> (0x0000000088e2c960) 
thrown [s\open\src\hotspot\share\interpreter\linkResolver.cpp, line 804]
Event: 2.234 Thread 0x00000166550707d0 Exception <a 'java/lang/NoSuchMethodError'{0x0000000088d9eaa8}: 'void java.lang.invoke.DirectMethodHandle$Holder.invokeSpecial(java.lang.Object, java.lang.Object, java.lang.Object, java.lang.Object, java.lang.Object)'> (0x0000000088d9eaa8) 
thrown [s\open\src\hotspot\share\interpreter\linkResolver.cpp, line 804]
Event: 2.302 Thread 0x00000166550707d0 Exception <a 'java/lang/NoSuchMethodError'{0x0000000088cdef78}: 'java.lang.Object java.lang.invoke.DirectMethodHandle$Holder.newInvokeSpecial(java.lang.Object, java.lang.Object, java.lang.Object, int, java.lang.Object)'> (0x0000000088cdef78) 
thrown [s\open\src\hotspot\share\interpreter\linkResolver.cpp, line 804]
Event: 2.303 Thread 0x00000166550707d0 Exception <a 'java/lang/NoSuchMethodError'{0x0000000088cef6c0}: 'java.lang.Object java.lang.invoke.Invokers$Holder.linkToTargetMethod(java.lang.Object, java.lang.Object, int, java.lang.Object, java.lang.Object)'> (0x0000000088cef6c0) 
thrown [s\open\src\hotspot\share\interpreter\linkResolver.cpp, line 804]
Event: 2.306 Thread 0x00000166550707d0 Exception <a 'java/lang/NoSuchMethodError'{0x0000000088b0b0a0}: 'java.lang.Object java.lang.invoke.DirectMethodHandle$Holder.newInvokeSpecial(java.lang.Object, int, java.lang.Object)'> (0x0000000088b0b0a0) 
thrown [s\open\src\hotspot\share\interpreter\linkResolver.cpp, line 804]
Event: 2.307 Thread 0x00000166550707d0 Exception <a 'java/lang/NoSuchMethodError'{0x0000000088b13c30}: 'int java.lang.invoke.DirectMethodHandle$Holder.invokeSpecialIFC(java.lang.Object, java.lang.Object, java.lang.Object, java.lang.Object)'> (0x0000000088b13c30) 
thrown [s\open\src\hotspot\share\interpreter\linkResolver.cpp, line 804]
Event: 2.349 Thread 0x00000166550707d0 Exception <a 'java/lang/NoSuchMethodError'{0x0000000088bfcf10}: 'void java.lang.invoke.DirectMethodHandle$Holder.invokeInterface(java.lang.Object, java.lang.Object, java.lang.Object)'> (0x0000000088bfcf10) 
thrown [s\open\src\hotspot\share\interpreter\linkResolver.cpp, line 804]
Event: 2.352 Thread 0x00000166769797d0 Exception <a 'java/lang/NoSuchMethodError'{0x0000000088a0eca0}: 'long java.lang.invoke.DirectMethodHandle$Holder.invokeVirtual(java.lang.Object, java.lang.Object)'> (0x0000000088a0eca0) 
thrown [s\open\src\hotspot\share\interpreter\linkResolver.cpp, line 804]
Event: 2.356 Thread 0x00000166769797d0 Exception <a 'java/lang/NoSuchMethodError'{0x0000000088a1efc8}: 'long java.lang.invoke.DelegatingMethodHandle$Holder.reinvoke_L(java.lang.Object, java.lang.Object)'> (0x0000000088a1efc8) 
thrown [s\open\src\hotspot\share\interpreter\linkResolver.cpp, line 804]
Event: 2.725 Thread 0x00000166550707d0 Exception <a 'java/lang/NoSuchMethodError'{0x0000000088932e60}: 'void java.lang.invoke.DirectMethodHandle$Holder.invokeStaticInit(java.lang.Object, java.lang.Object, java.lang.Object)'> (0x0000000088932e60) 
thrown [s\open\src\hotspot\share\interpreter\linkResolver.cpp, line 804]
Event: 2.882 Thread 0x00000166550707d0 Exception <a 'java/lang/NoSuchMethodError'{0x000000008897e620}: 'java.lang.Object java.lang.invoke.DirectMethodHandle$Holder.invokeVirtual(java.lang.Object, java.lang.Object, java.lang.Object)'> (0x000000008897e620) 
thrown [s\open\src\hotspot\share\interpreter\linkResolver.cpp, line 804]
Event: 2.923 Thread 0x00000166550707d0 Exception <a 'java/lang/NoSuchMethodError'{0x0000000088852500}: 'void java.lang.invoke.DirectMethodHandle$Holder.invokeVirtual(java.lang.Object, java.lang.Object, java.lang.Object, java.lang.Object)'> (0x0000000088852500) 
thrown [s\open\src\hotspot\share\interpreter\linkResolver.cpp, line 804]
Event: 3.079 Thread 0x00000166550707d0 Exception <a 'java/lang/IncompatibleClassChangeError'{0x00000000884fdfd8}: Found class java.lang.Object, but interface was expected> (0x00000000884fdfd8) 
thrown [s\open\src\hotspot\share\interpreter\linkResolver.cpp, line 871]
Event: 3.270 Thread 0x00000166550707d0 Exception <a 'java/lang/NoSuchMethodError'{0x0000000087c799a0}: 'java.lang.Object java.lang.invoke.DirectMethodHandle$Holder.invokeStatic(java.lang.Object, int, java.lang.Object)'> (0x0000000087c799a0) 
thrown [s\open\src\hotspot\share\interpreter\linkResolver.cpp, line 804]
Event: 3.613 Thread 0x00000166550707d0 Exception <a 'java/lang/NoSuchMethodError'{0x0000000086c3cfe0}: 'int java.lang.invoke.DirectMethodHandle$Holder.invokeSpecial(java.lang.Object, java.lang.Object, java.lang.Object, java.lang.Object, java.lang.Object)'> (0x0000000086c3cfe0) 
thrown [s\open\src\hotspot\share\interpreter\linkResolver.cpp, line 804]
Event: 3.616 Thread 0x00000166550707d0 Exception <a 'java/lang/NoSuchMethodError'{0x0000000086c4eab0}: 'void java.lang.invoke.DirectMethodHandle$Holder.invokeVirtual(java.lang.Object, java.lang.Object)'> (0x0000000086c4eab0) 
thrown [s\open\src\hotspot\share\interpreter\linkResolver.cpp, line 804]

VM Operations (20 events):
Event: 1.317 Executing non-safepoint VM operation: HandshakeAllThreads (Deoptimize) done
Event: 1.467 Executing non-safepoint VM operation: HandshakeAllThreads (Deoptimize)
Event: 1.470 Executing non-safepoint VM operation: HandshakeAllThreads (Deoptimize) done
Event: 1.778 Executing safepoint VM operation: G1CollectForAllocation (G1 Evacuation Pause)
Event: 1.791 Executing safepoint VM operation: G1CollectForAllocation (G1 Evacuation Pause) done
Event: 1.866 Executing non-safepoint VM operation: HandshakeAllThreads (Deoptimize)
Event: 1.866 Executing non-safepoint VM operation: HandshakeAllThreads (Deoptimize) done
Event: 3.042 Executing non-safepoint VM operation: HandshakeAllThreads (Deoptimize)
Event: 3.042 Executing non-safepoint VM operation: HandshakeAllThreads (Deoptimize) done
Event: 3.046 Executing non-safepoint VM operation: HandshakeAllThreads (Deoptimize)
Event: 3.046 Executing non-safepoint VM operation: HandshakeAllThreads (Deoptimize) done
Event: 3.047 Executing non-safepoint VM operation: HandshakeAllThreads (Deoptimize)
Event: 3.047 Executing non-safepoint VM operation: HandshakeAllThreads (Deoptimize) done
Event: 3.510 Executing non-safepoint VM operation: HandshakeAllThreads (Deoptimize)
Event: 3.510 Executing non-safepoint VM operation: HandshakeAllThreads (Deoptimize) done
Event: 3.581 Executing non-safepoint VM operation: HandshakeAllThreads (Deoptimize)
Event: 3.581 Executing non-safepoint VM operation: HandshakeAllThreads (Deoptimize) done
Event: 3.799 Executing non-safepoint VM operation: HandshakeAllThreads (Deoptimize)
Event: 3.799 Executing non-safepoint VM operation: HandshakeAllThreads (Deoptimize) done
Event: 4.046 Executing safepoint VM operation: CollectForMetadataAllocation (Metadata GC Threshold)

Memory protections (0 events):
No events

Nmethod flushes (0 events):
No events

Events (20 events):
Event: 0.071 Thread 0x00000166550707d0 Thread added: 0x00000166716158e0
Event: 0.071 Thread 0x00000166550707d0 Thread added: 0x00000166716168c0
Event: 0.073 Thread 0x00000166550707d0 Thread added: 0x00000166716178a0
Event: 0.073 Thread 0x00000166550707d0 Thread added: 0x0000016671619470
Event: 0.073 Thread 0x00000166550707d0 Thread added: 0x000001667161c040
Event: 0.073 Thread 0x00000166550707d0 Thread added: 0x000001667161cc00
Event: 0.073 Thread 0x00000166550707d0 Thread added: 0x000001667161fb00
Event: 0.075 Thread 0x00000166550707d0 Thread added: 0x00000166716262f0
Event: 0.513 Thread 0x00000166550707d0 Thread added: 0x000001667180def0
Event: 0.917 Thread 0x00000166550707d0 Thread added: 0x0000016676141250
Event: 0.918 Thread 0x00000166550707d0 Thread added: 0x0000016676141a10
Event: 1.143 Thread 0x00000166716262f0 Thread added: 0x000001667688d330
Event: 1.330 Thread 0x0000016671619470 Thread added: 0x000001667699aa10
Event: 1.425 Thread 0x000001667699aa10 Thread added: 0x00000166769797d0
Event: 1.452 Thread 0x00000166769797d0 Thread added: 0x0000016676ac7370
Event: 1.464 Thread 0x00000166769797d0 Thread added: 0x0000016676ad7b50
Event: 1.899 Thread 0x000001667688d330 Thread exited: 0x000001667688d330
Event: 3.056 Thread 0x00000166550707d0 Thread added: 0x000001667705d330
Event: 3.660 Thread 0x00000166716262f0 Thread added: 0x0000016676e022c0
Event: 3.844 Thread 0x00000166550707d0 Thread added: 0x0000016676b67930


Dynamic libraries:
0x00007ff6a6ee0000 - 0x00007ff6a6eee000 	C:\Users\Hossam\.jdks\openjdk-25\bin\java.exe
0x00007ffbe69d0000 - 0x00007ffbe6bc8000 	C:\Windows\SYSTEM32\ntdll.dll
0x00007ffbe5b80000 - 0x00007ffbe5c42000 	C:\Windows\System32\KERNEL32.DLL
0x00007ffbe45d0000 - 0x00007ffbe48c6000 	C:\Windows\System32\KERNELBASE.dll
0x00007ffbe44d0000 - 0x00007ffbe45d0000 	C:\Windows\System32\ucrtbase.dll
0x00007ffbca300000 - 0x00007ffbca31e000 	C:\Users\Hossam\.jdks\openjdk-25\bin\VCRUNTIME140.dll
0x00007ffbc90a0000 - 0x00007ffbc90b7000 	C:\Users\Hossam\.jdks\openjdk-25\bin\jli.dll
0x00007ffbe58c0000 - 0x00007ffbe5a5d000 	C:\Windows\System32\USER32.dll
0x00007ffbe44a0000 - 0x00007ffbe44c2000 	C:\Windows\System32\win32u.dll
0x00007ffbe5770000 - 0x00007ffbe579b000 	C:\Windows\System32\GDI32.dll
0x00007ffbe40c0000 - 0x00007ffbe41d9000 	C:\Windows\System32\gdi32full.dll
0x00007ffbe41e0000 - 0x00007ffbe427d000 	C:\Windows\System32\msvcp_win.dll
0x00007ffbd75d0000 - 0x00007ffbd786b000 	C:\Windows\WinSxS\amd64_microsoft.windows.common-controls_6595b64144ccf1df_6.0.19041.6280_none_60bc30a171f2f3f3\COMCTL32.dll
0x00007ffbe5c50000 - 0x00007ffbe5cee000 	C:\Windows\System32\msvcrt.dll
0x00007ffbe5250000 - 0x00007ffbe527f000 	C:\Windows\System32\IMM32.DLL
0x00007ffbd1f40000 - 0x00007ffbd1f4c000 	C:\Users\Hossam\.jdks\openjdk-25\bin\vcruntime140_1.dll
0x00007ffbc4c30000 - 0x00007ffbc4cbd000 	C:\Users\Hossam\.jdks\openjdk-25\bin\msvcp140.dll
0x00007ffba7720000 - 0x00007ffba857f000 	C:\Users\Hossam\.jdks\openjdk-25\bin\server\jvm.dll
0x00007ffbe67b0000 - 0x00007ffbe6861000 	C:\Windows\System32\ADVAPI32.dll
0x00007ffbe57b0000 - 0x00007ffbe584f000 	C:\Windows\System32\sechost.dll
0x00007ffbe5a60000 - 0x00007ffbe5b80000 	C:\Windows\System32\RPCRT4.dll
0x00007ffbe4470000 - 0x00007ffbe4497000 	C:\Windows\System32\bcrypt.dll
0x00007ffbe6870000 - 0x00007ffbe68db000 	C:\Windows\System32\WS2_32.dll
0x00007ffbe3590000 - 0x00007ffbe35db000 	C:\Windows\SYSTEM32\POWRPROF.dll
0x00007ffbd80b0000 - 0x00007ffbd80d7000 	C:\Windows\SYSTEM32\WINMM.dll
0x00007ffbd8120000 - 0x00007ffbd812a000 	C:\Windows\SYSTEM32\VERSION.dll
0x00007ffbe3450000 - 0x00007ffbe3462000 	C:\Windows\SYSTEM32\UMPDC.dll
0x00007ffbe1eb0000 - 0x00007ffbe1ec2000 	C:\Windows\SYSTEM32\kernel.appcore.dll
0x00007ffbd1d30000 - 0x00007ffbd1d3a000 	C:\Users\Hossam\.jdks\openjdk-25\bin\jimage.dll
0x00007ffbd7870000 - 0x00007ffbd7a71000 	C:\Windows\SYSTEM32\DBGHELP.DLL
0x00007ffbd4b60000 - 0x00007ffbd4b94000 	C:\Windows\SYSTEM32\dbgcore.DLL
0x00007ffbe4280000 - 0x00007ffbe4302000 	C:\Windows\System32\bcryptPrimitives.dll
0x00007ffbccfc0000 - 0x00007ffbccfd0000 	C:\Users\Hossam\.jdks\openjdk-25\bin\instrument.dll
0x00007ffbc9080000 - 0x00007ffbc909f000 	C:\Users\Hossam\.jdks\openjdk-25\bin\java.dll
0x00007ffbe6670000 - 0x00007ffbe679b000 	C:\Windows\System32\ole32.dll
0x00007ffbe4c90000 - 0x00007ffbe4fe3000 	C:\Windows\System32\combase.dll
0x00007ffbe5e70000 - 0x00007ffbe65e0000 	C:\Windows\System32\SHELL32.dll
0x00007ffbe20b0000 - 0x00007ffbe2855000 	C:\Windows\SYSTEM32\windows.storage.dll
0x00007ffbe3aa0000 - 0x00007ffbe3acb000 	C:\Windows\SYSTEM32\Wldp.dll
0x00007ffbe5da0000 - 0x00007ffbe5e6d000 	C:\Windows\System32\OLEAUT32.dll
0x00007ffbe68e0000 - 0x00007ffbe698d000 	C:\Windows\System32\SHCORE.dll
0x00007ffbe51f0000 - 0x00007ffbe524b000 	C:\Windows\System32\shlwapi.dll
0x00007ffbe3fa0000 - 0x00007ffbe3fc4000 	C:\Windows\SYSTEM32\profapi.dll
0x00007ffbc4c10000 - 0x00007ffbc4c27000 	C:\Users\Hossam\.jdks\openjdk-25\bin\zip.dll
0x00007ffbc4bf0000 - 0x00007ffbc4c02000 	C:\Users\Hossam\.jdks\openjdk-25\bin\net.dll
0x00007ffbe3800000 - 0x00007ffbe386a000 	C:\Windows\system32\mswsock.dll
0x00007ffbc4850000 - 0x00007ffbc4866000 	C:\Users\Hossam\.jdks\openjdk-25\bin\nio.dll
0x00007ffbe34c0000 - 0x00007ffbe358a000 	C:\Windows\SYSTEM32\DNSAPI.dll
0x00007ffbe3470000 - 0x00007ffbe34ab000 	C:\Windows\SYSTEM32\IPHLPAPI.DLL
0x00007ffbe57a0000 - 0x00007ffbe57a8000 	C:\Windows\System32\NSI.dll
0x00007ffbd8aa0000 - 0x00007ffbd8aaa000 	C:\Windows\System32\rasadhlp.dll
0x00007ffbd9860000 - 0x00007ffbd98e0000 	C:\Windows\System32\fwpuclnt.dll
0x00007ffbc9730000 - 0x00007ffbc973a000 	C:\Users\Hossam\.jdks\openjdk-25\bin\management.dll
0x00007ffbc92e0000 - 0x00007ffbc92ec000 	C:\Users\Hossam\.jdks\openjdk-25\bin\management_ext.dll
0x00007ffbe67a0000 - 0x00007ffbe67a8000 	C:\Windows\System32\PSAPI.DLL
0x00007ffbc8e40000 - 0x00007ffbc8e49000 	C:\Users\Hossam\.jdks\openjdk-25\bin\extnet.dll
0x00007ffbe3a00000 - 0x00007ffbe3a18000 	C:\Windows\SYSTEM32\CRYPTSP.dll
0x00007ffbe3080000 - 0x00007ffbe30b8000 	C:\Windows\system32\rsaenh.dll
0x00007ffbe3f60000 - 0x00007ffbe3f8e000 	C:\Windows\SYSTEM32\USERENV.dll
0x00007ffbe39f0000 - 0x00007ffbe39fc000 	C:\Windows\SYSTEM32\CRYPTBASE.dll
0x00007ffbd3870000 - 0x00007ffbd3887000 	C:\Windows\system32\napinsp.dll
0x00007ffbd3850000 - 0x00007ffbd386b000 	C:\Windows\system32\pnrpnsp.dll
0x00007ffbe0b00000 - 0x00007ffbe0b1d000 	C:\Windows\system32\wshbth.dll
0x00007ffbde790000 - 0x00007ffbde7ad000 	C:\Windows\system32\NLAapi.dll
0x00007ffbd3830000 - 0x00007ffbd3842000 	C:\Windows\System32\winrnr.dll
0x00007ffbd3cc0000 - 0x00007ffbd3d11000 	C:\Windows\SYSTEM32\pdh.dll
0x00007ffbd3cb0000 - 0x00007ffbd3cbf000 	C:\Windows\System32\perfproc.dll
0x00007ffbd3ca0000 - 0x00007ffbd3caf000 	C:\Windows\System32\perfos.dll

JVMTI agents:
C:\Program Files\JetBrains\IntelliJ IDEA Community Edition 2025.2\lib\idea_rt.jar path:C:\Users\Hossam\.jdks\openjdk-25\bin\instrument.dll, loaded, initialized, instrumentlib options:50349

dbghelp: loaded successfully - version: 4.0.5 - missing functions: none
symbol engine: initialized successfully - sym options: 0x614 - pdb path: .;C:\Users\Hossam\.jdks\openjdk-25\bin;C:\Windows\SYSTEM32;C:\Windows\WinSxS\amd64_microsoft.windows.common-controls_6595b64144ccf1df_6.0.19041.6280_none_60bc30a171f2f3f3;C:\Users\Hossam\.jdks\openjdk-25\bin\server

VM Arguments:
jvm_args: -javaagent:C:\Program Files\JetBrains\IntelliJ IDEA Community Edition 2025.2\lib\idea_rt.jar=50349 -Dfile.encoding=UTF-8 -Dsun.stdout.encoding=UTF-8 -Dsun.stderr.encoding=UTF-8 
java_command: com.equipment.equipmentRental.EquipmentRentalApplication
java_class_path (initial): D:\@equipmentRental\backend\equipmentRental\target\classes;C:\Users\Hossam\.m2\repository\org\springdoc\springdoc-openapi-starter-webmvc-ui\2.8.13\springdoc-openapi-starter-webmvc-ui-2.8.13.jar;C:\Users\Hossam\.m2\repository\org\springdoc\springdoc-openapi-starter-webmvc-api\2.8.13\springdoc-openapi-starter-webmvc-api-2.8.13.jar;C:\Users\Hossam\.m2\repository\org\springdoc\springdoc-openapi-starter-common\2.8.13\springdoc-openapi-starter-common-2.8.13.jar;C:\Users\Hossam\.m2\repository\org\springframework\boot\spring-boot-starter-validation\3.5.4\spring-boot-starter-validation-3.5.4.jar;C:\Users\Hossam\.m2\repository\org\hibernate\validator\hibernate-validator\8.0.2.Final\hibernate-validator-8.0.2.Final.jar;C:\Users\Hossam\.m2\repository\io\swagger\core\v3\swagger-core-jakarta\2.2.36\swagger-core-jakarta-2.2.36.jar;C:\Users\Hossam\.m2\repository\org\apache\commons\commons-lang3\3.17.0\commons-lang3-3.17.0.jar;C:\Users\Hossam\.m2\repository\io\swagger\core\v3\swagger-annotations-jakarta\2.2.36\swagger-annotations-jakarta-2.2.36.jar;C:\Users\Hossam\.m2\repository\io\swagger\core\v3\swagger-models-jakarta\2.2.36\swagger-models-jakarta-2.2.36.jar;C:\Users\Hossam\.m2\repository\jakarta\validation\jakarta.validation-api\3.0.2\jakarta.validation-api-3.0.2.jar;C:\Users\Hossam\.m2\repository\com\fasterxml\jackson\dataformat\jackson-dataformat-yaml\2.19.2\jackson-dataformat-yaml-2.19.2.jar;C:\Users\Hossam\.m2\repository\org\springframework\spring-webmvc\6.2.9\spring-webmvc-6.2.9.jar;C:\Users\Hossam\.m2\repository\org\springframework\spring-expression\6.2.9\spring-expression-6.2.9.jar;C:\Users\Hossam\.m2\repository\org\webjars\swagger-ui\5.28.1\swagger-ui-5.28.1.jar;C:\Users\Hossam\.m2\repository\org\webjars\webjars-locator-lite\1.1.0\webjars-locator-lite-1.1.0.jar;C:\Users\Hossam\.m2\repository\org\jspecify\jspecify\1.0.0\jspecify-1.0.0.jar;C:\Users\Hossam\.m2\repository\org\springframework\boot\spring-boot-starter-thymeleaf\3.5.4\spring-boot-starter-thymeleaf-3.5.4.jar;C:\Users\Hossam\.m2\repository\org\springframework\boot\spring-boot-starter\3.5.4\spring-boot-starter-3.5.4.jar;C:\Users\Hossam\.m2\repository\org\springframework\boot\spring-boot\3.5.4\spring-boot-3.5.4.jar;C:\Users\Hossam\.m2\repository\org\springframework\boot\spring-boot-autoconfigure\3.5.4\spring-boot-autoconfigure-3.5.4.jar;C:\Users\Hossam\.m2\repository\org\springframework\boot\spring-boot-starter-logging\3.5.4\spring-boot-starter-logging-3.5.4.jar;C:\Users\Hossam\.m2\repository\ch\qos\logback\logback-classic\1.5.18\logback-classic-1.5.18.jar;C:\Users\Hossam\.m2\repository\ch\qos\logback\logback-core\1.5.18\logback-core-1.5.18.jar;C:\Users\Hossam\.m2\repository\org\apache\logging\log4j\log4j-to-slf4j\2.24.3\log4j-to-slf4j-2.24.3.jar;C:\Users\Hossam\.m2\repository\org\apache\logging\log4j\log4j-api\2.24.3\log4j-api-2.24.3.jar;C:\Users\Hossam\.m2\repository\org\slf4j\jul-to-slf4j\2.0.17\jul-to-slf4j-2.0.17.jar;C:\Users\Hossam\.m2\repository\jakarta\annotation\jakarta.annotation-api\2.1.1\jakarta.annotation-api-2.1.1.jar;C:\Users\Hossam\.m2\repository\org\yaml\snakeyaml\2.4\snakeyaml-2.4.jar;C:\Users\Hossam\.m2\repository\org\thymeleaf\thymeleaf-spring6\3.1.3.RELEASE\thymeleaf-spring6-3.1.3.RELEASE.jar;C:\Users\Hossam\.m2\repository\org\thymeleaf\thymeleaf\3.1.3.RELEASE\thymeleaf-3.1.3.RELEASE.jar;C:\Users\Hossam\.m2\repository\org\attoparser\attoparser\2.0.7.RELEASE\attoparser-2.0.7.RELEASE.jar;C:\Users\Hossam\.m2\repository\org\unbescape\unbescape\1.1.6.RELEASE\unbescape-1.1.6.RELEASE.jar;C:\Users\Hossam\.m2\repository\org\slf4j\slf4j-api\2.0.17\slf4j-api-2.0.17.jar;C:\Users\Hossam\.m2\repository\org\springframework\boot\spring-boot-starter-data-jpa\3.5.4\spring-boot-starter-data-jpa-3.5.4.jar;C:\Users\Hossam\.m2\repository\org\springframework\boot\spring-boot-starter-jdbc\3.5.4\spring-boot-starter-jdbc-3.5.4.jar;C:\Users\Hossam\.m2\repository\com\zaxxer\HikariCP\6.3.1\HikariCP-6.3.1.jar;C:\Users\Hossam\.m2\repository\org\springframework\spring-jdbc\6.2.9\spring-jdbc-6.2.9.jar;C:\Users\Hossam\.m2\repository\org\hibernate\orm\hibernate-core\6.6.22.Final\hibernate-core-6.6.22.Final.jar;C:\Users\Hossam\.m2\repository\jakarta\persistence\jakarta.persistence-api\3.1.0\jakarta.persistence-api-3.1.0.jar;C:\Users\Hossam\.m2\repository\jakarta\transaction\jakarta.transaction-api\2.0.1\jakarta.transaction-api-2.0.1.jar;C:\Users\Hossam\.m2\repository\org\jboss\logging\jboss-logging\3.6.1.Final\jboss-logging-3.6.1.Final.jar;C:\Users\Hossam\.m2\repository\org\hibernate\common\hibernate-commons-annotations\7.0.3.Final\hibernate-commons-annotations-7.0.3.Final.jar;C:\Users\Hossam\.m2\repository\io\smallrye\jandex\3.2.0\jandex-3.2.0.jar;C:\Users\Hossam\.m2\repository\com\fasterxml\classmate\1.7.0\classmate-1.7.0.jar;C:\Users\Hossam\.m2\repository\net\bytebuddy\byte-buddy\1.17.6\byte-buddy-1.17.6.jar;C:\Users\Hossam\.m2\repository\org\glassfish\jaxb\jaxb-runtime\4.0.5\jaxb-runtime-4.0.5.jar;C:\Users\Hossam\.m2\repository\org\glassfish\jaxb\jaxb-core\4.0.5\jaxb-core-4.0.5.jar;C:\Users\Hossam\.m2\repository\org\eclipse\angus\angus-activation\2.0.2\angus-activation-2.0.2.jar;C:\Users\Hossam\.m2\repository\org\glassfish\jaxb\txw2\4.0.5\txw2-4.0.5.jar;C:\Users\Hossam\.m2\repository\com\sun\istack\istack-commons-runtime\4.1.2\istack-commons-runtime-4.1.2.jar;C:\Users\Hossam\.m2\repository\jakarta\inject\jakarta.inject-api\2.0.1\jakarta.inject-api-2.0.1.jar;C:\Users\Hossam\.m2\repository\org\antlr\antlr4-runtime\4.13.0\antlr4-runtime-4.13.0.jar;C:\Users\Hossam\.m2\repository\org\springframework\data\spring-data-jpa\3.5.2\spring-data-jpa-3.5.2.jar;C:\Users\Hossam\.m2\repository\org\springframework\data\spring-data-commons\3.5.2\spring-data-commons-3.5.2.jar;C:\Users\Hossam\.m2\repository\org\springframework\spring-orm\6.2.9\spring-orm-6.2.9.jar;C:\Users\Hossam\.m2\repository\org\springframework\spring-context\6.2.9\spring-context-6.2.9.jar;C:\Users\Hossam\.m2\repository\io\micrometer\micrometer-observation\1.15.2\micrometer-observation-1.15.2.jar;C:\Users\Hossam\.m2\repository\io\micrometer\micrometer-commons\1.15.2\micrometer-commons-1.15.2.jar;C:\Users\Hossam\.m2\repository\org\springframework\spring-aop\6.2.9\spring-aop-6.2.9.jar;C:\Users\Hossam\.m2\repository\org\springframework\spring-tx\6.2.9\spring-tx-6.2.9.jar;C:\Users\Hossam\.m2\repository\org\springframework\spring-beans\6.2.9\spring-beans-6.2.9.jar;C:\Users\Hossam\.m2\repository\org\springframework\spring-aspects\6.2.9\spring-aspects-6.2.9.jar;C:\Users\Hossam\.m2\repository\org\aspectj\aspectjweaver\1.9.24\aspectjweaver-1.9.24.jar;C:\Users\Hossam\.m2\repository\org\springframework\boot\spring-boot-starter-data-rest\3.5.4\spring-boot-starter-data-rest-3.5.4.jar;C:\Users\Hossam\.m2\repository\org\springframework\boot\spring-boot-starter-web\3.5.4\spring-boot-starter-web-3.5.4.jar;C:\Users\Hossam\.m2\repository\org\springframework\boot\spring-boot-starter-json\3.5.4\spring-boot-starter-json-3.5.4.jar;C:\Users\Hossam\.m2\repository\com\fasterxml\jackson\datatype\jackson-datatype-jdk8\2.19.2\jackson-datatype-jdk8-2.19.2.jar;C:\Users\Hossam\.m2\repository\com\fasterxml\jackson\datatype\jackson-datatype-jsr310\2.19.2\jackson-datatype-jsr310-2.19.2.jar;C:\Users\Hossam\.m2\repository\com\fasterxml\jackson\module\jackson-module-parameter-names\2.19.2\jackson-module-parameter-names-2.19.2.jar;C:\Users\Hossam\.m2\repository\org\springframework\boot\spring-boot-starter-tomcat\3.5.4\spring-boot-starter-tomcat-3.5.4.jar;C:\Users\Hossam\.m2\repository\org\apache\tomcat\embed\tomcat-embed-core\10.1.43\tomcat-embed-core-10.1.43.jar;C:\Users\Hossam\.m2\repository\org\apache\tomcat\embed\tomcat-embed-el\10.1.43\tomcat-embed-el-10.1.43.jar;C:\Users\Hossam\.m2\repository\org\apache\tomcat\embed\tomcat-embed-websocket\10.1.43\tomcat-embed-websocket-10.1.43.jar;C:\Users\Hossam\.m2\repository\org\springframework\spring-web\6.2.9\spring-web-6.2.9.jar;C:\Users\Hossam\.m2\repository\org\springframework\data\spring-data-rest-webmvc\4.5.2\spring-data-rest-webmvc-4.5.2.jar;C:\Users\Hossam\.m2\repository\org\springframework\data\spring-data-rest-core\4.5.2\spring-data-rest-core-4.5.2.jar;C:\Users\Hossam\.m2\repository\org\springframework\hateoas\spring-hateoas\2.5.1\spring-hateoas-2.5.1.jar;C:\Users\Hossam\.m2\repository\org\springframework\plugin\spring-plugin-core\3.0.0\spring-plugin-core-3.0.0.jar;C:\Users\Hossam\.m2\repository\org\atteo\evo-inflector\1.3\evo-inflector-1.3.jar;C:\Users\Hossam\.m2\repository\com\fasterxml\jackson\core\jackson-databind\2.19.2\jackson-databind-2.19.2.jar;C:\Users\Hossam\.m2\repository\com\fasterxml\jackson\core\jackson-core\2.19.2\jackson-core-2.19.2.jar;C:\Users\Hossam\.m2\repository\com\fasterxml\jackson\core\jackson-annotations\2.19.2\jackson-annotations-2.19.2.jar;C:\Users\Hossam\.m2\repository\com\mysql\mysql-connector-j\9.3.0\mysql-connector-j-9.3.0.jar;C:\Users\Hossam\.m2\repository\org\projectlombok\lombok\1.18.38\lombok-1.18.38.jar;C:\Users\Hossam\.m2\repository\com\jayway\jsonpath\json-path\2.9.0\json-path-2.9.0.jar;C:\Users\Hossam\.m2\repository\jakarta\xml\bind\jakarta.xml.bind-api\4.0.2\jakarta.xml.bind-api-4.0.2.jar;C:\Users\Hossam\.m2\repository\jakarta\activation\jakarta.activation-api\2.1.3\jakarta.activation-api-2.1.3.jar;C:\Users\Hossam\.m2\repository\net\minidev\json-smart\2.5.2\json-smart-2.5.2.jar;C:\Users\Hossam\.m2\repository\net\minidev\accessors-smart\2.5.2\accessors-smart-2.5.2.jar;C:\Users\Hossam\.m2\repository\org\ow2\asm\asm\9.7.1\asm-9.7.1.jar;C:\Users\Hossam\.m2\repository\org\springframework\spring-core\6.2.9\spring-core-6.2.9.jar;C:\Users\Hossam\.m2\repository\org\springframework\spring-jcl\6.2.9\spring-jcl-6.2.9.jar
Launcher Type: SUN_STANDARD

[Global flags]
     intx CICompilerCount                          = 3                                         {product} {ergonomic}
     uint ConcGCThreads                            = 1                                         {product} {ergonomic}
     uint G1ConcRefinementThreads                  = 4                                         {product} {ergonomic}
   size_t G1HeapRegionSize                         = 1048576                                   {product} {ergonomic}
   size_t InitialHeapSize                          = 134217728                                 {product} {ergonomic}
   size_t MarkStackSize                            = 4194304                                   {product} {ergonomic}
   size_t MarkStackSizeMax                         = 536870912                                 {product} {ergonomic}
   size_t MaxHeapSize                              = 2124414976                                {product} {ergonomic}
   size_t MaxNewSize                               = 1274019840                                {product} {ergonomic}
   size_t MinHeapDeltaBytes                        = 1048576                                   {product} {ergonomic}
   size_t MinHeapSize                              = 8388608                                   {product} {ergonomic}
    uintx NonNMethodCodeHeapSize                   = 5832704                                {pd product} {ergonomic}
    uintx NonProfiledCodeHeapSize                  = 122945536                              {pd product} {ergonomic}
    uintx ProfiledCodeHeapSize                     = 122880000                              {pd product} {ergonomic}
    uintx ReservedCodeCacheSize                    = 251658240                              {pd product} {ergonomic}
     bool SegmentedCodeCache                       = true                                      {product} {ergonomic}
   size_t SoftMaxHeapSize                          = 2124414976                             {manageable} {ergonomic}
     bool UseCompressedOops                        = true                           {product lp64_product} {ergonomic}
     bool UseG1GC                                  = true                                      {product} {ergonomic}
     bool UseLargePagesIndividualAllocation        = false                                  {pd product} {ergonomic}

Logging:
Log output configuration:
 #0: stdout all=warning uptime,level,tags foldmultilines=false
 #1: stderr all=off uptime,level,tags foldmultilines=false

Release file:
IMPLEMENTOR="Oracle Corporation" 
JAVA_RUNTIME_VERSION="25+36-3489" 
JAVA_VERSION="25" 
JAVA_VERSION_DATE="2025-09-16" 
LIBC="default" 
MODULES="java.base java.compiler java.datatransfer java.xml java.prefs java.desktop java.instrument java.logging java.management java.security.sasl java.naming java.rmi java.management.rmi java.net.http java.scripting java.security.jgss java.transaction.xa java.sql java.sql.rowset java.xml.crypto java.se java.smartcardio jdk.accessibility jdk.internal.jvmstat jdk.attach jdk.charsets jdk.internal.opt jdk.zipfs jdk.compiler jdk.crypto.cryptoki jdk.crypto.ec jdk.crypto.mscapi jdk.dynalink jdk.internal.ed jdk.editpad jdk.internal.vm.ci jdk.graal.compiler jdk.graal.compiler.management jdk.hotspot.agent jdk.httpserver jdk.incubator.vector jdk.internal.le jdk.internal.md jdk.jartool jdk.javadoc jdk.jcmd jdk.management jdk.management.agent jdk.jconsole jdk.jdeps jdk.jdwp.agent jdk.jdi jdk.jfr jdk.jlink jdk.jpackage jdk.jshell jdk.jsobject jdk.jstatd jdk.localedata jdk.management.jfr jdk.naming.dns jdk.naming.rmi jdk.net jdk.nio.mapmode jdk.sctp jdk.security.auth jdk.security.jgss jdk.unsupported jdk.unsupported.desktop jdk.xml.dom" 
OS_ARCH="x86_64" 
OS_NAME="Windows" 
SOURCE=".:git:6c48f4ed707b" 

Environment Variables:
JAVA_HOME=C:\Program Files\Java\jdk-21
PATH=C:\Windows\system32;C:\Windows;C:\Windows\System32\Wbem;C:\Windows\System32\WindowsPowerShell\v1.0\;C:\Windows\System32\OpenSSH\;C:\Program Files\nodejs\;C:\Users\Hossam\AppData\Roaming\npm;C:\Program Files\Git\cmd;C:\Program Files\Java\jdk-21\bin;;C:\Program Files\Docker\Docker\resources\bin;C:\Users\Hossam\AppData\Local\Microsoft\WindowsApps;C:\Users\Hossam\AppData\Roaming\npm;C:\Users\Hossam\AppData\Local\Programs\Microsoft VS Code\bin;C:\Program Files\JetBrains\IntelliJ IDEA 2024.3.3\bin;;C:\Program Files\JetBrains\IntelliJ IDEA Community Edition 2025.2\bin
USERNAME=Hossam
OS=Windows_NT
PROCESSOR_IDENTIFIER=Intel64 Family 6 Model 69 Stepping 1, GenuineIntel
TMP=C:\Users\Hossam\AppData\Local\Temp
TEMP=C:\Users\Hossam\AppData\Local\Temp




Compilation memory statistics disabled.

Periodic native trim disabled

---------------  S Y S T E M  ---------------

OS:
 Windows 10 , 64 bit Build 19041 (10.0.19041.5915)
OS uptime: 0 days 0:30 hours
Hyper-V role detected

CPU: total 4 (initial active 4) (2 cores per cpu, 2 threads per core) family 6 model 69 stepping 1 microcode 0x25, cx8, cmov, fxsr, ht, mmx, sse, sse2, sse3, ssse3, sse4.1, sse4.2, popcnt, lzcnt, tsc, tscinvbit, avx, avx2, aes, erms, clmul, bmi1, bmi2, fma, vzeroupper, clflush, hv, rdtscp, f16c
Processor Information for the first 4 processors :
  Max Mhz: 2701, Current Mhz: 2701, Mhz Limit: 2701

Memory: 4k page, system-wide physical 8097M (1177M free)
TotalPageFile size 11937M (AvailPageFile size 3676M)
current process WorkingSet (physical memory assigned to process): 175M, peak: 175M
current process commit charge ("private bytes"): 271M, peak: 271M

vm_info: OpenJDK 64-Bit Server VM (25+36-3489) for windows-amd64 JRE (25+36-3489), built on 2025-08-12T17:19:28Z with unknown MS VC++:1943

END.
